Using pre-set license
Built from '2021.2/staging' branch; Version is '2021.2.7f1 (6bd9e232123f) revision 7068130'; Using compiler version '192829333'; Build Type 'Release'
OS: 'Windows 11  (10.0.22000) 64bit CoreCountrySpecific' Language: 'zh' Physical Memory: 15734 MB
BatchMode: 1, IsHumanControllingUs: 0, StartBugReporterOnCrash: 0, Is64bit: 1, IsPro: 0

COMMAND LINE ARGUMENTS:
C:\Program Files\Unity\Hub\Editor\2021.2.7f1\Editor\Unity.exe
-adb2
-batchMode
-noUpm
-name
AssetImportWorker4
-projectPath
C:/Users/zhangqilin/Desktop/DreamOfSpeed/MonsterHunter
-logFile
Logs/AssetImportWorker4.log
-srvPort
13498
Successfully changed project path to: C:/Users/zhangqilin/Desktop/DreamOfSpeed/MonsterHunter
C:/Users/zhangqilin/Desktop/DreamOfSpeed/MonsterHunter
[UnityMemory] Configuration Parameters - Can be set up in boot.config
    "memorysetup-bucket-allocator-granularity=16"
    "memorysetup-bucket-allocator-bucket-count=8"
    "memorysetup-bucket-allocator-block-size=33554432"
    "memorysetup-bucket-allocator-block-count=8"
    "memorysetup-main-allocator-block-size=16777216"
    "memorysetup-thread-allocator-block-size=16777216"
    "memorysetup-gfx-main-allocator-block-size=16777216"
    "memorysetup-gfx-thread-allocator-block-size=16777216"
    "memorysetup-cache-allocator-block-size=4194304"
    "memorysetup-typetree-allocator-block-size=2097152"
    "memorysetup-profiler-bucket-allocator-granularity=16"
    "memorysetup-profiler-bucket-allocator-bucket-count=8"
    "memorysetup-profiler-bucket-allocator-block-size=33554432"
    "memorysetup-profiler-bucket-allocator-block-count=8"
    "memorysetup-profiler-allocator-block-size=16777216"
    "memorysetup-profiler-editor-allocator-block-size=1048576"
    "memorysetup-temp-allocator-size-main=16777216"
    "memorysetup-job-temp-allocator-block-size=2097152"
    "memorysetup-job-temp-allocator-block-size-background=1048576"
    "memorysetup-job-temp-allocator-reduction-small-platforms=262144"
    "memorysetup-temp-allocator-size-background-worker=32768"
    "memorysetup-temp-allocator-size-job-worker=262144"
    "memorysetup-temp-allocator-size-preload-manager=33554432"
    "memorysetup-temp-allocator-size-nav-mesh-worker=65536"
    "memorysetup-temp-allocator-size-audio-worker=65536"
    "memorysetup-temp-allocator-size-cloud-worker=32768"
    "memorysetup-temp-allocator-size-gi-baking-worker=262144"
    "memorysetup-temp-allocator-size-gfx=262144"
Refreshing native plugins compatible for Editor in 87.63 ms, found 2 plugins.
Preloading 0 native plugins for Editor in 0.00 ms.
Initialize engine version: 2021.2.7f1 (6bd9e232123f)
[Subsystems] Discovering subsystems at path C:/Program Files/Unity/Hub/Editor/2021.2.7f1/Editor/Data/Resources/UnitySubsystems
[Subsystems] Discovering subsystems at path C:/Users/zhangqilin/Desktop/DreamOfSpeed/MonsterHunter/Assets
GfxDevice: creating device client; threaded=0; jobified=0
Direct3D:
    Version:  Direct3D 11.0 [level 11.1]
    Renderer: NVIDIA GeForce RTX 3050 Ti Laptop GPU (ID=0x2563)
    Vendor:   NVIDIA
    VRAM:     3990 MB
    Driver:   30.0.14.7219
Initialize mono
Mono path[0] = 'C:/Program Files/Unity/Hub/Editor/2021.2.7f1/Editor/Data/Managed'
Mono path[1] = 'C:/Program Files/Unity/Hub/Editor/2021.2.7f1/Editor/Data/MonoBleedingEdge/lib/mono/unityjit-win32'
Mono config path = 'C:/Program Files/Unity/Hub/Editor/2021.2.7f1/Editor/Data/MonoBleedingEdge/etc'
Using monoOptions --debugger-agent=transport=dt_socket,embedding=1,server=y,suspend=n,address=127.0.0.1:56588
Begin MonoManager ReloadAssembly
Registering precompiled unity dll's ...
Register platform support module: C:/Program Files/Unity/Hub/Editor/2021.2.7f1/Editor/Data/PlaybackEngines/WindowsStandaloneSupport/UnityEditor.WindowsStandalone.Extensions.dll
Registered in 0.024689 seconds.
Native extension for WindowsStandalone target not found
Refreshing native plugins compatible for Editor in 59.50 ms, found 2 plugins.
Preloading 0 native plugins for Editor in 0.00 ms.
Mono: successfully reloaded assembly
- Completed reload, in  1.167 seconds
Domain Reload Profiling:
	ReloadAssembly (1167ms)
		BeginReloadAssembly (120ms)
			ExecutionOrderSort (0ms)
			DisableScriptedObjects (0ms)
			BackupInstance (0ms)
			ReleaseScriptingObjects (0ms)
			CreateAndSetChildDomain (1ms)
		EndReloadAssembly (894ms)
			LoadAssemblies (115ms)
			RebuildTransferFunctionScriptingTraits (0ms)
			SetupTypeCache (188ms)
			ReleaseScriptCaches (0ms)
			RebuildScriptCaches (35ms)
			SetupLoadedEditorAssemblies (279ms)
				LogAssemblyErrors (0ms)
				InitializePlatformSupportModulesInManaged (19ms)
				SetLoadedEditorAssemblies (0ms)
				RefreshPlugins (60ms)
				BeforeProcessingInitializeOnLoad (1ms)
				ProcessInitializeOnLoadAttributes (138ms)
				ProcessInitializeOnLoadMethodAttributes (61ms)
				AfterProcessingInitializeOnLoad (0ms)
				EditorAssembliesLoaded (0ms)
			ExecutionOrderSort2 (0ms)
			AwakeInstancesAfterBackupRestoration (0ms)
Platform modules already initialized, skipping
Registering precompiled user dll's ...
Registered in 0.009863 seconds.
Begin MonoManager ReloadAssembly
Native extension for WindowsStandalone target not found
Refreshing native plugins compatible for Editor in 0.65 ms, found 2 plugins.
Preloading 0 native plugins for Editor in 0.00 ms.
Package Manager log level set to [2]
Mono: successfully reloaded assembly
- Completed reload, in  1.202 seconds
Domain Reload Profiling:
	ReloadAssembly (1203ms)
		BeginReloadAssembly (151ms)
			ExecutionOrderSort (0ms)
			DisableScriptedObjects (7ms)
			BackupInstance (0ms)
			ReleaseScriptingObjects (0ms)
			CreateAndSetChildDomain (20ms)
		EndReloadAssembly (917ms)
			LoadAssemblies (109ms)
			RebuildTransferFunctionScriptingTraits (0ms)
			SetupTypeCache (200ms)
			ReleaseScriptCaches (1ms)
			RebuildScriptCaches (51ms)
			SetupLoadedEditorAssemblies (504ms)
				LogAssemblyErrors (0ms)
				InitializePlatformSupportModulesInManaged (15ms)
				SetLoadedEditorAssemblies (0ms)
				RefreshPlugins (1ms)
				BeforeProcessingInitializeOnLoad (98ms)
				ProcessInitializeOnLoadAttributes (262ms)
				ProcessInitializeOnLoadMethodAttributes (111ms)
				AfterProcessingInitializeOnLoad (18ms)
				EditorAssembliesLoaded (0ms)
			ExecutionOrderSort2 (0ms)
			AwakeInstancesAfterBackupRestoration (12ms)
Platform modules already initialized, skipping
========================================================================
Worker process is ready to serve import requests
Launched and connected shader compiler UnityShaderCompiler.exe after 0.06 seconds
Refreshing native plugins compatible for Editor in 0.63 ms, found 2 plugins.
Preloading 0 native plugins for Editor in 0.00 ms.
Unloading 2201 Unused Serialized files (Serialized files now loaded: 0)
Unloading 58 unused Assets / (58.6 KB). Loaded Objects now: 2667.
Memory consumption went from 102.2 MB to 102.2 MB.
Total: 5.790200 ms (FindLiveObjects: 0.156000 ms CreateObjectMapping: 0.091400 ms MarkObjects: 5.443000 ms  DeleteObjects: 0.099000 ms)

AssetImportParameters requested are different than current active one (requested -> active):
  custom:video-decoder-ogg-theora: a1e56fd34408186e4bbccfd4996cb3dc -> 
  custom:container-muxer-webm: aa71ff27fc2769a1b78a27578f13a17b -> 
  custom:container-demuxer-webm: 4f35f7cbe854078d1ac9338744f61a02 -> 
  custom:video-encoder-webm-vp8: eb34c28f22e8b96e1ab97ce403110664 -> 
  custom:video-codec-MediaFoundation-h265: 746d11721c4dcdbdad8f713fa42b33f4 -> 
  custom:audio-encoder-webm-vorbis: bf7c407c2cedff20999df2af8eb42d56 -> 
  custom:framework-win-MediaFoundation: 216162199b28c13a410421893ffa2e32 -> 
  custom:container-demuxer-ogg: 62fdf1f143b41e24485cea50d1cbac27 -> 
  custom:video-decoder-webm-vp8: 9c59270c3fd7afecdb556c50c9e8de78 -> 
  custom:audio-decoder-ogg-vorbis: bf7c407c2cedff20999df2af8eb42d56 -> 
========================================================================
Received Prepare
Registering precompiled user dll's ...
Registered in 0.011856 seconds.
Begin MonoManager ReloadAssembly
Native extension for WindowsStandalone target not found
Refreshing native plugins compatible for Editor in 0.87 ms, found 2 plugins.
Preloading 0 native plugins for Editor in 0.00 ms.
Mono: successfully reloaded assembly
- Completed reload, in  1.989 seconds
Domain Reload Profiling:
	ReloadAssembly (1990ms)
		BeginReloadAssembly (247ms)
			ExecutionOrderSort (0ms)
			DisableScriptedObjects (7ms)
			BackupInstance (0ms)
			ReleaseScriptingObjects (0ms)
			CreateAndSetChildDomain (40ms)
		EndReloadAssembly (1576ms)
			LoadAssemblies (181ms)
			RebuildTransferFunctionScriptingTraits (0ms)
			SetupTypeCache (321ms)
			ReleaseScriptCaches (5ms)
			RebuildScriptCaches (363ms)
			SetupLoadedEditorAssemblies (615ms)
				LogAssemblyErrors (0ms)
				InitializePlatformSupportModulesInManaged (21ms)
				SetLoadedEditorAssemblies (1ms)
				RefreshPlugins (1ms)
				BeforeProcessingInitializeOnLoad (124ms)
				ProcessInitializeOnLoadAttributes (319ms)
				ProcessInitializeOnLoadMethodAttributes (124ms)
				AfterProcessingInitializeOnLoad (25ms)
				EditorAssembliesLoaded (0ms)
			ExecutionOrderSort2 (0ms)
			AwakeInstancesAfterBackupRestoration (18ms)
Platform modules already initialized, skipping
Refreshing native plugins compatible for Editor in 1.43 ms, found 2 plugins.
Preloading 0 native plugins for Editor in 0.00 ms.
Unloading 2191 Unused Serialized files (Serialized files now loaded: 0)
Unloading 49 unused Assets / (25.6 KB). Loaded Objects now: 2669.
Memory consumption went from 101.8 MB to 101.7 MB.
Total: 8.955900 ms (FindLiveObjects: 0.448300 ms CreateObjectMapping: 0.085500 ms MarkObjects: 8.349800 ms  DeleteObjects: 0.069800 ms)

AssetImportParameters requested are different than current active one (requested -> active):
  custom:video-decoder-ogg-theora: a1e56fd34408186e4bbccfd4996cb3dc -> 
  custom:container-muxer-webm: aa71ff27fc2769a1b78a27578f13a17b -> 
  custom:container-demuxer-webm: 4f35f7cbe854078d1ac9338744f61a02 -> 
  custom:video-encoder-webm-vp8: eb34c28f22e8b96e1ab97ce403110664 -> 
  custom:video-codec-MediaFoundation-h265: 746d11721c4dcdbdad8f713fa42b33f4 -> 
  custom:audio-encoder-webm-vorbis: bf7c407c2cedff20999df2af8eb42d56 -> 
  custom:framework-win-MediaFoundation: 216162199b28c13a410421893ffa2e32 -> 
  custom:container-demuxer-ogg: 62fdf1f143b41e24485cea50d1cbac27 -> 
  custom:video-decoder-webm-vp8: 9c59270c3fd7afecdb556c50c9e8de78 -> 
  custom:audio-decoder-ogg-vorbis: bf7c407c2cedff20999df2af8eb42d56 -> 
========================================================================
Received Import Request.
  Time since last request: 19004.856181 seconds.
  path: Assets/Models/Materials/GunMaterial.mat
  artifactKey: Guid(5afa4a01a731c834d9a62da55c7cfa7c) Importer(815301076,1909f56bfc062723c751e8b465ee728b)
Start importing Assets/Models/Materials/GunMaterial.mat using Guid(5afa4a01a731c834d9a62da55c7cfa7c) Importer(815301076,1909f56bfc062723c751e8b465ee728b)  -> (artifact id: '98ce79c2bf6a2c96e21e95d3041f8df7') in 0.405973 seconds 
========================================================================
Received Prepare
Registering precompiled user dll's ...
Registered in 0.013101 seconds.
Begin MonoManager ReloadAssembly
Native extension for WindowsStandalone target not found
Refreshing native plugins compatible for Editor in 0.68 ms, found 2 plugins.
Preloading 0 native plugins for Editor in 0.00 ms.
Mono: successfully reloaded assembly
- Completed reload, in  1.133 seconds
Domain Reload Profiling:
	ReloadAssembly (1134ms)
		BeginReloadAssembly (195ms)
			ExecutionOrderSort (0ms)
			DisableScriptedObjects (7ms)
			BackupInstance (0ms)
			ReleaseScriptingObjects (0ms)
			CreateAndSetChildDomain (42ms)
		EndReloadAssembly (822ms)
			LoadAssemblies (133ms)
			RebuildTransferFunctionScriptingTraits (0ms)
			SetupTypeCache (157ms)
			ReleaseScriptCaches (1ms)
			RebuildScriptCaches (42ms)
			SetupLoadedEditorAssemblies (480ms)
				LogAssemblyErrors (0ms)
				InitializePlatformSupportModulesInManaged (13ms)
				SetLoadedEditorAssemblies (0ms)
				RefreshPlugins (1ms)
				BeforeProcessingInitializeOnLoad (100ms)
				ProcessInitializeOnLoadAttributes (261ms)
				ProcessInitializeOnLoadMethodAttributes (88ms)
				AfterProcessingInitializeOnLoad (16ms)
				EditorAssembliesLoaded (0ms)
			ExecutionOrderSort2 (0ms)
			AwakeInstancesAfterBackupRestoration (11ms)
Platform modules already initialized, skipping
Refreshing native plugins compatible for Editor in 1.13 ms, found 2 plugins.
Preloading 0 native plugins for Editor in 0.00 ms.
Unloading 2191 Unused Serialized files (Serialized files now loaded: 0)
Unloading 49 unused Assets / (25.7 KB). Loaded Objects now: 2710.
Memory consumption went from 105.9 MB to 105.9 MB.
Total: 7.547300 ms (FindLiveObjects: 0.343000 ms CreateObjectMapping: 0.090400 ms MarkObjects: 7.083000 ms  DeleteObjects: 0.029500 ms)

AssetImportParameters requested are different than current active one (requested -> active):
  custom:video-decoder-ogg-theora: a1e56fd34408186e4bbccfd4996cb3dc -> 
  custom:container-muxer-webm: aa71ff27fc2769a1b78a27578f13a17b -> 
  custom:container-demuxer-webm: 4f35f7cbe854078d1ac9338744f61a02 -> 
  custom:video-encoder-webm-vp8: eb34c28f22e8b96e1ab97ce403110664 -> 
  custom:video-codec-MediaFoundation-h265: 746d11721c4dcdbdad8f713fa42b33f4 -> 
  custom:audio-encoder-webm-vorbis: bf7c407c2cedff20999df2af8eb42d56 -> 
  custom:framework-win-MediaFoundation: 216162199b28c13a410421893ffa2e32 -> 
  custom:container-demuxer-ogg: 62fdf1f143b41e24485cea50d1cbac27 -> 
  custom:video-decoder-webm-vp8: 9c59270c3fd7afecdb556c50c9e8de78 -> 
  custom:audio-decoder-ogg-vorbis: bf7c407c2cedff20999df2af8eb42d56 -> 
========================================================================
Received Import Request.
  Time since last request: 36.205058 seconds.
  path: Assets/Models/Hellephant.fbx
  artifactKey: Guid(b77f122f451a2394898a24191c26107c) Importer(815301076,1909f56bfc062723c751e8b465ee728b)
Start importing Assets/Models/Hellephant.fbx using Guid(b77f122f451a2394898a24191c26107c) Importer(815301076,1909f56bfc062723c751e8b465ee728b)  -> (artifact id: '0616d5eb739bf271debf23b4fb538cfc') in 0.168108 seconds 
========================================================================
Received Import Request.
  Time since last request: 0.000037 seconds.
  path: Assets/Models/ZomBear.fbx
  artifactKey: Guid(c236aa7ad6dcabe47abc7d2cf903ae71) Importer(815301076,1909f56bfc062723c751e8b465ee728b)
Start importing Assets/Models/ZomBear.fbx using Guid(c236aa7ad6dcabe47abc7d2cf903ae71) Importer(815301076,1909f56bfc062723c751e8b465ee728b)  -> (artifact id: '6dd816af4b1a0932a0d8196446018577') in 0.033204 seconds 
========================================================================
Received Import Request.
  Time since last request: 63.680450 seconds.
  path: Assets/Materials/ArchesMaterial.mat
  artifactKey: Guid(46ee5ab869b3ff74b895bd5df0413156) Importer(815301076,1909f56bfc062723c751e8b465ee728b)
Start importing Assets/Materials/ArchesMaterial.mat using Guid(46ee5ab869b3ff74b895bd5df0413156) Importer(815301076,1909f56bfc062723c751e8b465ee728b)  -> (artifact id: '0af42e6fa9c69662701f3b24a1e08cdb') in 0.028839 seconds 
========================================================================
Received Import Request.
  Time since last request: 0.000030 seconds.
  path: Assets/Materials/FiretruckMaterial.mat
  artifactKey: Guid(583f10f29b8b69842957276decb01a26) Importer(815301076,1909f56bfc062723c751e8b465ee728b)
Start importing Assets/Materials/FiretruckMaterial.mat using Guid(583f10f29b8b69842957276decb01a26) Importer(815301076,1909f56bfc062723c751e8b465ee728b)  -> (artifact id: 'eb9fde3fe54699af34a112b26dc26a04') in 0.013039 seconds 
========================================================================
Received Import Request.
  Time since last request: 0.000030 seconds.
  path: Assets/Materials/SpinningTopMaterial.mat
  artifactKey: Guid(fd8bcdf2e6b862c43b57a22183e08c9d) Importer(815301076,1909f56bfc062723c751e8b465ee728b)
Start importing Assets/Materials/SpinningTopMaterial.mat using Guid(fd8bcdf2e6b862c43b57a22183e08c9d) Importer(815301076,1909f56bfc062723c751e8b465ee728b)  -> (artifact id: '36eaf7131c8233efcd4337cb5ff02811') in 0.018979 seconds 
========================================================================
Received Import Request.
  Time since last request: 0.000044 seconds.
  path: Assets/Materials/ZombunnyMaterial.mat
  artifactKey: Guid(443118cc1edb4354f86a424e06ef7633) Importer(815301076,1909f56bfc062723c751e8b465ee728b)
Start importing Assets/Materials/ZombunnyMaterial.mat using Guid(443118cc1edb4354f86a424e06ef7633) Importer(815301076,1909f56bfc062723c751e8b465ee728b)  -> (artifact id: 'f10b717483db116f633c9804c26a9f72') in 0.017618 seconds 
========================================================================
Received Import Request.
  Time since last request: 0.000035 seconds.
  path: Assets/Materials/ReflectorMaterial.mat
  artifactKey: Guid(a85ec4f83573b744c81aec453224f1e9) Importer(815301076,1909f56bfc062723c751e8b465ee728b)
Start importing Assets/Materials/ReflectorMaterial.mat using Guid(a85ec4f83573b744c81aec453224f1e9) Importer(815301076,1909f56bfc062723c751e8b465ee728b)  -> (artifact id: '9b0c8ae1639604211a276f1dc9a4dab2') in 0.032827 seconds 
========================================================================
Received Import Request.
  Time since last request: 0.000038 seconds.
  path: Assets/Materials/EyesMaterial.mat
  artifactKey: Guid(25c96b64cc55e1544a6e35238db4cb68) Importer(815301076,1909f56bfc062723c751e8b465ee728b)
Start importing Assets/Materials/EyesMaterial.mat using Guid(25c96b64cc55e1544a6e35238db4cb68) Importer(815301076,1909f56bfc062723c751e8b465ee728b)  -> (artifact id: '92ee67496f586ef4bedefd69cff086f4') in 0.014894 seconds 
========================================================================
Received Import Request.
  Time since last request: 0.000027 seconds.
  path: Assets/Materials/ClockGlassMaterial.mat
  artifactKey: Guid(ef44229e3cc6f854eaa4bb2187ca1eff) Importer(815301076,1909f56bfc062723c751e8b465ee728b)
Start importing Assets/Materials/ClockGlassMaterial.mat using Guid(ef44229e3cc6f854eaa4bb2187ca1eff) Importer(815301076,1909f56bfc062723c751e8b465ee728b)  -> (artifact id: 'd7bba4f83f2f0ee0a8d8ce083bc47bf5') in 0.013031 seconds 
========================================================================
Received Import Request.
  Time since last request: 0.000022 seconds.
  path: Assets/Materials/StoolMaterial.mat
  artifactKey: Guid(e3ae666ccd6398d4196fc0a07219e859) Importer(815301076,1909f56bfc062723c751e8b465ee728b)
Start importing Assets/Materials/StoolMaterial.mat using Guid(e3ae666ccd6398d4196fc0a07219e859) Importer(815301076,1909f56bfc062723c751e8b465ee728b)  -> (artifact id: '0b76704d3ee5307bf087034d6b45caf3') in 0.014700 seconds 
========================================================================
Received Import Request.
  Time since last request: 0.000029 seconds.
  path: Assets/Materials/PlanksMaterial.mat
  artifactKey: Guid(cb9aecfe75d3bef47971b69a6c6fc9f0) Importer(815301076,1909f56bfc062723c751e8b465ee728b)
Start importing Assets/Materials/PlanksMaterial.mat using Guid(cb9aecfe75d3bef47971b69a6c6fc9f0) Importer(815301076,1909f56bfc062723c751e8b465ee728b)  -> (artifact id: '64e962aaa6d053cc84638e1b6a99c49d') in 0.016538 seconds 
========================================================================
Received Import Request.
  Time since last request: 0.000024 seconds.
  path: Assets/Materials/TrainMaterial.mat
  artifactKey: Guid(69f20cac0967e534d8c9b86cc012aee2) Importer(815301076,1909f56bfc062723c751e8b465ee728b)
Start importing Assets/Materials/TrainMaterial.mat using Guid(69f20cac0967e534d8c9b86cc012aee2) Importer(815301076,1909f56bfc062723c751e8b465ee728b)  -> (artifact id: 'dbf72bfbc94027e244be468ee544a6fe') in 0.013444 seconds 
========================================================================
Received Import Request.
  Time since last request: 0.000022 seconds.
  path: Assets/Materials/BloxMaterial.mat
  artifactKey: Guid(691742ccdd7400b4b8fd8316383469a7) Importer(815301076,1909f56bfc062723c751e8b465ee728b)
Start importing Assets/Materials/BloxMaterial.mat using Guid(691742ccdd7400b4b8fd8316383469a7) Importer(815301076,1909f56bfc062723c751e8b465ee728b)  -> (artifact id: '1f494ac23f40dfca162a9dfbf4dfb515') in 0.012583 seconds 
========================================================================
Received Import Request.
  Time since last request: 0.000025 seconds.
  path: Assets/Materials/LineRenderMaterial.mat
  artifactKey: Guid(5a15a2274f482d34bafc3eeee5117aa3) Importer(815301076,1909f56bfc062723c751e8b465ee728b)
Start importing Assets/Materials/LineRenderMaterial.mat using Guid(5a15a2274f482d34bafc3eeee5117aa3) Importer(815301076,1909f56bfc062723c751e8b465ee728b)  -> (artifact id: '59028ad3b74fdc1a6630fdd0eb3d5079') in 0.012179 seconds 
========================================================================
Received Import Request.
  Time since last request: 0.000031 seconds.
  path: Assets/Materials/ZombearMaterial.mat
  artifactKey: Guid(0fbe0f96ef761a04598b51a1cb71d754) Importer(815301076,1909f56bfc062723c751e8b465ee728b)
Start importing Assets/Materials/ZombearMaterial.mat using Guid(0fbe0f96ef761a04598b51a1cb71d754) Importer(815301076,1909f56bfc062723c751e8b465ee728b)  -> (artifact id: '68ebe6cbc89a7c8bb9ef6f912321d387') in 0.010948 seconds 
========================================================================
Received Import Request.
  Time since last request: 0.000027 seconds.
  path: Assets/Materials/WallMaterial.mat
  artifactKey: Guid(af48f11765c51404faa2517500b9d085) Importer(815301076,1909f56bfc062723c751e8b465ee728b)
Start importing Assets/Materials/WallMaterial.mat using Guid(af48f11765c51404faa2517500b9d085) Importer(815301076,1909f56bfc062723c751e8b465ee728b)  -> (artifact id: '99812144e6f08a419dfeb9d8e15ed853') in 0.010335 seconds 
Editor requested this worker to shutdown with reason: Scaling down because of idle timeout
AssetImportWorker is now disconnected from the server
Process exiting
Exiting without the bug reporter. Application will terminate with return code 0