Using pre-set license
Built from '2021.2/staging' branch; Version is '2021.2.7f1 (6bd9e232123f) revision 7068130'; Using compiler version '192829333'; Build Type 'Release'
OS: 'Windows 11  (10.0.22000) 64bit CoreCountrySpecific' Language: 'zh' Physical Memory: 15734 MB
BatchMode: 1, IsHumanControllingUs: 0, StartBugReporterOnCrash: 0, Is64bit: 1, IsPro: 0

COMMAND LINE ARGUMENTS:
C:\Program Files\Unity\Hub\Editor\2021.2.7f1\Editor\Unity.exe
-adb2
-batchMode
-noUpm
-name
AssetImportWorker4
-projectPath
C:/Users/zhangqilin/Desktop/DreamOfSpeed/code/TPS SLG Game
-logFile
Logs/AssetImportWorker4.log
-srvPort
6635
Successfully changed project path to: C:/Users/zhangqilin/Desktop/DreamOfSpeed/code/TPS SLG Game
C:/Users/zhangqilin/Desktop/DreamOfSpeed/code/TPS SLG Game
[UnityMemory] Configuration Parameters - Can be set up in boot.config
    "memorysetup-bucket-allocator-granularity=16"
    "memorysetup-bucket-allocator-bucket-count=8"
    "memorysetup-bucket-allocator-block-size=33554432"
    "memorysetup-bucket-allocator-block-count=8"
    "memorysetup-main-allocator-block-size=16777216"
    "memorysetup-thread-allocator-block-size=16777216"
    "memorysetup-gfx-main-allocator-block-size=16777216"
    "memorysetup-gfx-thread-allocator-block-size=16777216"
    "memorysetup-cache-allocator-block-size=4194304"
    "memorysetup-typetree-allocator-block-size=2097152"
    "memorysetup-profiler-bucket-allocator-granularity=16"
    "memorysetup-profiler-bucket-allocator-bucket-count=8"
    "memorysetup-profiler-bucket-allocator-block-size=33554432"
    "memorysetup-profiler-bucket-allocator-block-count=8"
    "memorysetup-profiler-allocator-block-size=16777216"
    "memorysetup-profiler-editor-allocator-block-size=1048576"
    "memorysetup-temp-allocator-size-main=16777216"
    "memorysetup-job-temp-allocator-block-size=2097152"
    "memorysetup-job-temp-allocator-block-size-background=1048576"
    "memorysetup-job-temp-allocator-reduction-small-platforms=262144"
    "memorysetup-temp-allocator-size-background-worker=32768"
    "memorysetup-temp-allocator-size-job-worker=262144"
    "memorysetup-temp-allocator-size-preload-manager=33554432"
    "memorysetup-temp-allocator-size-nav-mesh-worker=65536"
    "memorysetup-temp-allocator-size-audio-worker=65536"
    "memorysetup-temp-allocator-size-cloud-worker=32768"
    "memorysetup-temp-allocator-size-gi-baking-worker=262144"
    "memorysetup-temp-allocator-size-gfx=262144"
Refreshing native plugins compatible for Editor in 72.01 ms, found 2 plugins.
Preloading 0 native plugins for Editor in 0.00 ms.
Initialize engine version: 2021.2.7f1 (6bd9e232123f)
[Subsystems] Discovering subsystems at path C:/Program Files/Unity/Hub/Editor/2021.2.7f1/Editor/Data/Resources/UnitySubsystems
[Subsystems] Discovering subsystems at path C:/Users/zhangqilin/Desktop/DreamOfSpeed/code/TPS SLG Game/Assets
GfxDevice: creating device client; threaded=0; jobified=0
Direct3D:
    Version:  Direct3D 11.0 [level 11.1]
    Renderer: NVIDIA GeForce RTX 3050 Ti Laptop GPU (ID=0x2563)
    Vendor:   NVIDIA
    VRAM:     3990 MB
    Driver:   30.0.14.7219
Initialize mono
Mono path[0] = 'C:/Program Files/Unity/Hub/Editor/2021.2.7f1/Editor/Data/Managed'
Mono path[1] = 'C:/Program Files/Unity/Hub/Editor/2021.2.7f1/Editor/Data/MonoBleedingEdge/lib/mono/unityjit-win32'
Mono config path = 'C:/Program Files/Unity/Hub/Editor/2021.2.7f1/Editor/Data/MonoBleedingEdge/etc'
Using monoOptions --debugger-agent=transport=dt_socket,embedding=1,server=y,suspend=n,address=127.0.0.1:56860
Begin MonoManager ReloadAssembly
Registering precompiled unity dll's ...
Register platform support module: C:/Program Files/Unity/Hub/Editor/2021.2.7f1/Editor/Data/PlaybackEngines/WindowsStandaloneSupport/UnityEditor.WindowsStandalone.Extensions.dll
Registered in 0.015417 seconds.
Native extension for WindowsStandalone target not found
Refreshing native plugins compatible for Editor in 51.87 ms, found 2 plugins.
Preloading 0 native plugins for Editor in 0.00 ms.
Mono: successfully reloaded assembly
- Completed reload, in  0.610 seconds
Domain Reload Profiling:
	ReloadAssembly (611ms)
		BeginReloadAssembly (96ms)
			ExecutionOrderSort (0ms)
			DisableScriptedObjects (0ms)
			BackupInstance (0ms)
			ReleaseScriptingObjects (0ms)
			CreateAndSetChildDomain (1ms)
		EndReloadAssembly (425ms)
			LoadAssemblies (91ms)
			RebuildTransferFunctionScriptingTraits (0ms)
			SetupTypeCache (91ms)
			ReleaseScriptCaches (0ms)
			RebuildScriptCaches (24ms)
			SetupLoadedEditorAssemblies (247ms)
				LogAssemblyErrors (0ms)
				InitializePlatformSupportModulesInManaged (16ms)
				SetLoadedEditorAssemblies (0ms)
				RefreshPlugins (52ms)
				BeforeProcessingInitializeOnLoad (1ms)
				ProcessInitializeOnLoadAttributes (121ms)
				ProcessInitializeOnLoadMethodAttributes (57ms)
				AfterProcessingInitializeOnLoad (0ms)
				EditorAssembliesLoaded (0ms)
			ExecutionOrderSort2 (0ms)
			AwakeInstancesAfterBackupRestoration (0ms)
Platform modules already initialized, skipping
Registering precompiled user dll's ...
Registered in 0.011250 seconds.
Begin MonoManager ReloadAssembly
Native extension for WindowsStandalone target not found
Refreshing native plugins compatible for Editor in 0.69 ms, found 2 plugins.
Preloading 0 native plugins for Editor in 0.00 ms.
Package Manager log level set to [2]
Mono: successfully reloaded assembly
- Completed reload, in  0.977 seconds
Domain Reload Profiling:
	ReloadAssembly (978ms)
		BeginReloadAssembly (137ms)
			ExecutionOrderSort (0ms)
			DisableScriptedObjects (5ms)
			BackupInstance (0ms)
			ReleaseScriptingObjects (0ms)
			CreateAndSetChildDomain (21ms)
		EndReloadAssembly (733ms)
			LoadAssemblies (110ms)
			RebuildTransferFunctionScriptingTraits (0ms)
			SetupTypeCache (165ms)
			ReleaseScriptCaches (0ms)
			RebuildScriptCaches (41ms)
			SetupLoadedEditorAssemblies (394ms)
				LogAssemblyErrors (0ms)
				InitializePlatformSupportModulesInManaged (12ms)
				SetLoadedEditorAssemblies (0ms)
				RefreshPlugins (1ms)
				BeforeProcessingInitializeOnLoad (80ms)
				ProcessInitializeOnLoadAttributes (205ms)
				ProcessInitializeOnLoadMethodAttributes (80ms)
				AfterProcessingInitializeOnLoad (16ms)
				EditorAssembliesLoaded (0ms)
			ExecutionOrderSort2 (0ms)
			AwakeInstancesAfterBackupRestoration (12ms)
Platform modules already initialized, skipping
========================================================================
Worker process is ready to serve import requests
Launched and connected shader compiler UnityShaderCompiler.exe after 0.05 seconds
Refreshing native plugins compatible for Editor in 1.42 ms, found 2 plugins.
Preloading 0 native plugins for Editor in 0.00 ms.
Unloading 2337 Unused Serialized files (Serialized files now loaded: 0)
Unloading 63 unused Assets / (483.9 KB). Loaded Objects now: 2782.
Memory consumption went from 109.6 MB to 109.1 MB.
Total: 10.992100 ms (FindLiveObjects: 0.457700 ms CreateObjectMapping: 0.129100 ms MarkObjects: 9.915900 ms  DeleteObjects: 0.487500 ms)

AssetImportParameters requested are different than current active one (requested -> active):
  custom:video-decoder-ogg-theora: a1e56fd34408186e4bbccfd4996cb3dc -> 
  custom:container-muxer-webm: aa71ff27fc2769a1b78a27578f13a17b -> 
  custom:container-demuxer-webm: 4f35f7cbe854078d1ac9338744f61a02 -> 
  custom:video-encoder-webm-vp8: eb34c28f22e8b96e1ab97ce403110664 -> 
  custom:video-codec-MediaFoundation-h265: 746d11721c4dcdbdad8f713fa42b33f4 -> 
  custom:audio-encoder-webm-vorbis: bf7c407c2cedff20999df2af8eb42d56 -> 
  custom:framework-win-MediaFoundation: 216162199b28c13a410421893ffa2e32 -> 
  custom:SearchIndexIgnoredProperties: e643bd26f0fe6173181afceb89e7c659 -> 
  custom:container-demuxer-ogg: 62fdf1f143b41e24485cea50d1cbac27 -> 
  custom:video-decoder-webm-vp8: 9c59270c3fd7afecdb556c50c9e8de78 -> 
  custom:audio-decoder-ogg-vorbis: bf7c407c2cedff20999df2af8eb42d56 -> 
========================================================================
Received Import Request.
  Time since last request: 24105.931611 seconds.
  path: Assets/DungeonTraps
  artifactKey: Guid(67875073fa2273244ab60ed5fa74a250) Importer(815301076,1909f56bfc062723c751e8b465ee728b)
Start importing Assets/DungeonTraps using Guid(67875073fa2273244ab60ed5fa74a250) Importer(815301076,1909f56bfc062723c751e8b465ee728b)  -> (artifact id: 'a1242dad520f0aa70c87f32a693fc50e') in 0.006982 seconds 
========================================================================
Received Import Request.
  Time since last request: 0.988422 seconds.
  path: Assets/DungeonTraps/Effect
  artifactKey: Guid(7409f7021e1f8084094a02baf75941d9) Importer(815301076,1909f56bfc062723c751e8b465ee728b)
Start importing Assets/DungeonTraps/Effect using Guid(7409f7021e1f8084094a02baf75941d9) Importer(815301076,1909f56bfc062723c751e8b465ee728b)  -> (artifact id: '7a5fe6a0108e7c5c465d864e481ec7b0') in 0.001899 seconds 
========================================================================
Received Import Request.
  Time since last request: 0.100110 seconds.
  path: Assets/DungeonTraps/Effect/Eff_Fire.prefab
  artifactKey: Guid(67a85eac228b18b499329fd87f2a52c0) Importer(815301076,1909f56bfc062723c751e8b465ee728b)
Start importing Assets/DungeonTraps/Effect/Eff_Fire.prefab using Guid(67a85eac228b18b499329fd87f2a52c0) Importer(815301076,1909f56bfc062723c751e8b465ee728b)  -> (artifact id: '71685a32714ce0f213366a11bc840725') in 0.110760 seconds 
========================================================================
Received Import Request.
  Time since last request: 0.856908 seconds.
  path: Assets/DungeonTraps/Effect/Materials/Tex_Eff_Fire.mat
  artifactKey: Guid(c6ba4799841e15244b9402d73b74ba24) Importer(815301076,1909f56bfc062723c751e8b465ee728b)
Start importing Assets/DungeonTraps/Effect/Materials/Tex_Eff_Fire.mat using Guid(c6ba4799841e15244b9402d73b74ba24) Importer(815301076,1909f56bfc062723c751e8b465ee728b)  -> (artifact id: '6648eaa301690879acbbb602007ea40c') in 0.027551 seconds 
========================================================================
Received Import Request.
  Time since last request: 7.364274 seconds.
  path: Assets/DungeonTraps/Effect/Materials
  artifactKey: Guid(94a28e2af18f5a1448e5cf7e02817bf7) Importer(815301076,1909f56bfc062723c751e8b465ee728b)
Start importing Assets/DungeonTraps/Effect/Materials using Guid(94a28e2af18f5a1448e5cf7e02817bf7) Importer(815301076,1909f56bfc062723c751e8b465ee728b)  -> (artifact id: 'fb3d74fab2d799d3181f8d8ada2eed48') in 0.001803 seconds 
========================================================================
Received Import Request.
  Time since last request: 0.227961 seconds.
  path: Assets/DungeonTraps/Effect/Materials/Tex_Eff_Fire.png
  artifactKey: Guid(da201e6170935eb40a75cac755ebccf1) Importer(815301076,1909f56bfc062723c751e8b465ee728b)
Start importing Assets/DungeonTraps/Effect/Materials/Tex_Eff_Fire.png using Guid(da201e6170935eb40a75cac755ebccf1) Importer(815301076,1909f56bfc062723c751e8b465ee728b)  -> (artifact id: 'aef4e7ece187aa6e391a2ccca1a0a862') in 0.023742 seconds 
========================================================================
Received Import Request.
  Time since last request: 4.554136 seconds.
  path: Assets/Textures/ice_trap.png
  artifactKey: Guid(0f723a09993d9d844bc3d6df11864713) Importer(815301076,1909f56bfc062723c751e8b465ee728b)
Start importing Assets/Textures/ice_trap.png using Guid(0f723a09993d9d844bc3d6df11864713) Importer(815301076,1909f56bfc062723c751e8b465ee728b)  -> (artifact id: 'a48e1d5584652fb35e60020b00385390') in 0.029830 seconds 
========================================================================
Received Import Request.
  Time since last request: 5.538669 seconds.
  path: Assets/DungeonTraps/Trap
  artifactKey: Guid(e9d169a226db9f845863794b6173be16) Importer(815301076,1909f56bfc062723c751e8b465ee728b)
Start importing Assets/DungeonTraps/Trap using Guid(e9d169a226db9f845863794b6173be16) Importer(815301076,1909f56bfc062723c751e8b465ee728b)  -> (artifact id: '9d8406edfc86c60a7ffa37018781471a') in 0.001974 seconds 
========================================================================
Received Import Request.
  Time since last request: 0.062767 seconds.
  path: Assets/DungeonTraps/Trap/Trap_Fire.FBX
  artifactKey: Guid(8e5464c3bc40f874a932550f5cc4fd9e) Importer(815301076,1909f56bfc062723c751e8b465ee728b)
Start importing Assets/DungeonTraps/Trap/Trap_Fire.FBX using Guid(8e5464c3bc40f874a932550f5cc4fd9e) Importer(815301076,1909f56bfc062723c751e8b465ee728b)  -> (artifact id: '8a1c160f5b8f4983b25d32a87ac890df') in 0.205811 seconds 
========================================================================
Received Import Request.
  Time since last request: 3.995317 seconds.
  path: Assets/DungeonTraps/Trap/Prefab
  artifactKey: Guid(d0a8aa51ced31dd45923a131676e37b9) Importer(815301076,1909f56bfc062723c751e8b465ee728b)
Start importing Assets/DungeonTraps/Trap/Prefab using Guid(d0a8aa51ced31dd45923a131676e37b9) Importer(815301076,1909f56bfc062723c751e8b465ee728b)  -> (artifact id: 'f2a3b4e48fc86be24b3cb743805fe69c') in 0.001749 seconds 
========================================================================
Received Import Request.
  Time since last request: 0.062099 seconds.
  path: Assets/DungeonTraps/Trap/Prefab/Pf_Trap_Fire.prefab
  artifactKey: Guid(c8dc2031dea625e46a42a7c1688cf26d) Importer(815301076,1909f56bfc062723c751e8b465ee728b)
Start importing Assets/DungeonTraps/Trap/Prefab/Pf_Trap_Fire.prefab using Guid(c8dc2031dea625e46a42a7c1688cf26d) Importer(815301076,1909f56bfc062723c751e8b465ee728b)  -> (artifact id: 'e44136b1b9f733ce613d6d58189d47c6') in 0.013727 seconds 
========================================================================
Received Import Request.
  Time since last request: 13.658651 seconds.
  path: Assets/Fonts
  artifactKey: Guid(e073959a0f4d0b6479efc0307369d1a9) Importer(815301076,1909f56bfc062723c751e8b465ee728b)
Start importing Assets/Fonts using Guid(e073959a0f4d0b6479efc0307369d1a9) Importer(815301076,1909f56bfc062723c751e8b465ee728b)  -> (artifact id: 'e6760dffa8547d4e5b5f0cf4ed2a82ba') in 0.001908 seconds 
========================================================================
Received Import Request.
  Time since last request: 0.864438 seconds.
  path: Assets/Fonts/LuckiestGuy
  artifactKey: Guid(41784778a3b83f34591eb50169ed1ac6) Importer(815301076,1909f56bfc062723c751e8b465ee728b)
Start importing Assets/Fonts/LuckiestGuy using Guid(41784778a3b83f34591eb50169ed1ac6) Importer(815301076,1909f56bfc062723c751e8b465ee728b)  -> (artifact id: '6888937f8e4f178ff936c0f298b81987') in 0.001875 seconds 
========================================================================
Received Import Request.
  Time since last request: 0.049071 seconds.
  path: Assets/Fonts/LuckiestGuy/LuckiestGuy.ttf
  artifactKey: Guid(46238fb1ad7a7a84ba8954c1c860994c) Importer(815301076,1909f56bfc062723c751e8b465ee728b)
Start importing Assets/Fonts/LuckiestGuy/LuckiestGuy.ttf using Guid(46238fb1ad7a7a84ba8954c1c860994c) Importer(815301076,1909f56bfc062723c751e8b465ee728b)  -> (artifact id: '81a42b0d4d05c55d49e44980ed380bda') in 0.018538 seconds 
========================================================================
Received Import Request.
  Time since last request: 1.647371 seconds.
  path: Assets/Fonts/LuckiestGuy/LICENSE.txt
  artifactKey: Guid(7246a87940926cb4abeda0d52a80d506) Importer(815301076,1909f56bfc062723c751e8b465ee728b)
Start importing Assets/Fonts/LuckiestGuy/LICENSE.txt using Guid(7246a87940926cb4abeda0d52a80d506) Importer(815301076,1909f56bfc062723c751e8b465ee728b)  -> (artifact id: '1036b79d699875ff2508883943a9b58e') in 0.006047 seconds 
========================================================================
Received Import Request.
  Time since last request: 6.715277 seconds.
  path: Assets/GiParamaters
  artifactKey: Guid(28a4109f6f04e9148ae48952d2be9cd4) Importer(815301076,1909f56bfc062723c751e8b465ee728b)
Start importing Assets/GiParamaters using Guid(28a4109f6f04e9148ae48952d2be9cd4) Importer(815301076,1909f56bfc062723c751e8b465ee728b)  -> (artifact id: '103af946dc0563a537db50d4fb6060ab') in 0.001790 seconds 
========================================================================
Received Import Request.
  Time since last request: 0.067451 seconds.
  path: Assets/GiParamaters/Details.giparams
  artifactKey: Guid(fcb2a70b492a2eb4db08bc2b35204adf) Importer(815301076,1909f56bfc062723c751e8b465ee728b)
Start importing Assets/GiParamaters/Details.giparams using Guid(fcb2a70b492a2eb4db08bc2b35204adf) Importer(815301076,1909f56bfc062723c751e8b465ee728b)  -> (artifact id: 'db049a9c67f81df9179734cfd9cf6860') in 0.006459 seconds 
========================================================================
Received Import Request.
  Time since last request: 4.410409 seconds.
  path: Assets/JsonDotNet
  artifactKey: Guid(a74abdda612e99d40a9a10175766d915) Importer(815301076,1909f56bfc062723c751e8b465ee728b)
Start importing Assets/JsonDotNet using Guid(a74abdda612e99d40a9a10175766d915) Importer(815301076,1909f56bfc062723c751e8b465ee728b)  -> (artifact id: 'e5328b2bb441f8416a9f653db3b35add') in 0.002181 seconds 
========================================================================
Received Import Request.
  Time since last request: 0.914360 seconds.
  path: Assets/JsonDotNet/link.xml
  artifactKey: Guid(06314f49bdda26043963578d60a0a7ee) Importer(815301076,1909f56bfc062723c751e8b465ee728b)
Start importing Assets/JsonDotNet/link.xml using Guid(06314f49bdda26043963578d60a0a7ee) Importer(815301076,1909f56bfc062723c751e8b465ee728b)  -> (artifact id: '489b70a5a8074831d845e4357fa93a33') in 0.020622 seconds 
========================================================================
Received Import Request.
  Time since last request: 5.191925 seconds.
  path: Assets/Materials
  artifactKey: Guid(72871cdd4a5faac4e9d6038262f05aba) Importer(815301076,1909f56bfc062723c751e8b465ee728b)
Start importing Assets/Materials using Guid(72871cdd4a5faac4e9d6038262f05aba) Importer(815301076,1909f56bfc062723c751e8b465ee728b)  -> (artifact id: 'b275fa3c30de009fb4ab8e1394f902fe') in 0.001760 seconds 
========================================================================
Received Import Request.
  Time since last request: 0.083975 seconds.
  path: Assets/Materials/ArchesMaterial.mat
  artifactKey: Guid(f47747e933b49fc4d80c4175b842f8a6) Importer(815301076,1909f56bfc062723c751e8b465ee728b)
Start importing Assets/Materials/ArchesMaterial.mat using Guid(f47747e933b49fc4d80c4175b842f8a6) Importer(815301076,1909f56bfc062723c751e8b465ee728b)  -> (artifact id: '12f1f7b9d825a5844cbce1c411dbd0c6') in 0.200382 seconds 
========================================================================
Received Import Request.
  Time since last request: 0.000029 seconds.
  path: Assets/Materials/HellephantMaterial.mat
  artifactKey: Guid(20c2c861010d0ce49a4716087f02535e) Importer(815301076,1909f56bfc062723c751e8b465ee728b)
Start importing Assets/Materials/HellephantMaterial.mat using Guid(20c2c861010d0ce49a4716087f02535e) Importer(815301076,1909f56bfc062723c751e8b465ee728b)  -> (artifact id: '1ef5ad7a51dc0cf49715bb3ec399c71c') in 0.204691 seconds 
========================================================================
Received Import Request.
  Time since last request: 0.000034 seconds.
  path: Assets/Materials/DollhouseMaterial.mat
  artifactKey: Guid(c1949f404862a554fa4099c15ef2d2d0) Importer(815301076,1909f56bfc062723c751e8b465ee728b)
Start importing Assets/Materials/DollhouseMaterial.mat using Guid(c1949f404862a554fa4099c15ef2d2d0) Importer(815301076,1909f56bfc062723c751e8b465ee728b)  -> (artifact id: '57b2c470d8fd13bda4ab4b08412cd94e') in 0.172101 seconds 
========================================================================
Received Import Request.
  Time since last request: 0.000020 seconds.
  path: Assets/Materials/SpinningTopMaterial.mat
  artifactKey: Guid(2cc03082a5ed39b48989495e27eca771) Importer(815301076,1909f56bfc062723c751e8b465ee728b)
Start importing Assets/Materials/SpinningTopMaterial.mat using Guid(2cc03082a5ed39b48989495e27eca771) Importer(815301076,1909f56bfc062723c751e8b465ee728b)  -> (artifact id: '3d64ed62f7275320ddd4cf662b16533b') in 0.010260 seconds 
========================================================================
Received Import Request.
  Time since last request: 0.000027 seconds.
  path: Assets/Materials/FlareParticleMaterial.mat
  artifactKey: Guid(b75a561f374f89247a62336b50288d40) Importer(815301076,1909f56bfc062723c751e8b465ee728b)
Start importing Assets/Materials/FlareParticleMaterial.mat using Guid(b75a561f374f89247a62336b50288d40) Importer(815301076,1909f56bfc062723c751e8b465ee728b)  -> (artifact id: 'd13b3fa606f34a8604f072d2dcd27d27') in 0.032171 seconds 
========================================================================
Received Import Request.
  Time since last request: 0.000020 seconds.
  path: Assets/Materials/HearseMaterial.mat
  artifactKey: Guid(bb414bb09da597d4c98ebd9d9c7b972c) Importer(815301076,1909f56bfc062723c751e8b465ee728b)
Start importing Assets/Materials/HearseMaterial.mat using Guid(bb414bb09da597d4c98ebd9d9c7b972c) Importer(815301076,1909f56bfc062723c751e8b465ee728b)  -> (artifact id: 'b0f2add4c8e0fdcc647929fcba145e00') in 0.008497 seconds 
========================================================================
Received Import Request.
  Time since last request: 0.000038 seconds.
  path: Assets/Materials/ZombunnyMaterial.mat
  artifactKey: Guid(90309a9ae07af7a4baf27031c594f369) Importer(815301076,1909f56bfc062723c751e8b465ee728b)
Start importing Assets/Materials/ZombunnyMaterial.mat using Guid(90309a9ae07af7a4baf27031c594f369) Importer(815301076,1909f56bfc062723c751e8b465ee728b)  -> (artifact id: '855861dd2ccb8bbc6579c637a05b4a9a') in 0.014623 seconds 
========================================================================
Received Import Request.
  Time since last request: 10.284121 seconds.
  path: Assets/Plugins
  artifactKey: Guid(38aad420f7a24144392874696de1b5a2) Importer(815301076,1909f56bfc062723c751e8b465ee728b)
Start importing Assets/Plugins using Guid(38aad420f7a24144392874696de1b5a2) Importer(815301076,1909f56bfc062723c751e8b465ee728b)  -> (artifact id: '91c5c258345ff79e2f44b541125b87bf') in 0.001956 seconds 
========================================================================
Received Import Request.
  Time since last request: 52.367084 seconds.
  path: Assets/_TerrainAutoUpgrade/layer_ground02ddfc8d7f3483abd.terrainlayer
  artifactKey: Guid(a0bf5a09d828d1a4fa778f15fdeb3b70) Importer(815301076,1909f56bfc062723c751e8b465ee728b)
Start importing Assets/_TerrainAutoUpgrade/layer_ground02ddfc8d7f3483abd.terrainlayer using Guid(a0bf5a09d828d1a4fa778f15fdeb3b70) Importer(815301076,1909f56bfc062723c751e8b465ee728b)  -> (artifact id: '92d526a14ce41d6d9f2e94738b02eec7') in 0.047588 seconds 
========================================================================
Received Import Request.
  Time since last request: 1.181815 seconds.
  path: Assets/NatureStarterKit2/Textures/ground03.tga
  artifactKey: Guid(5edd0aaa57578b84da829c036eecf914) Importer(815301076,1909f56bfc062723c751e8b465ee728b)
Start importing Assets/NatureStarterKit2/Textures/ground03.tga using Guid(5edd0aaa57578b84da829c036eecf914) Importer(815301076,1909f56bfc062723c751e8b465ee728b)  -> (artifact id: '68eb010178b19f0d30d79c3047eb7364') in 0.014266 seconds 
========================================================================
Received Import Request.
  Time since last request: 1.019297 seconds.
  path: Assets/NatureStarterKit2/Textures/ground01.tga
  artifactKey: Guid(ffbc4ff073065254585f69e966389160) Importer(815301076,1909f56bfc062723c751e8b465ee728b)
Start importing Assets/NatureStarterKit2/Textures/ground01.tga using Guid(ffbc4ff073065254585f69e966389160) Importer(815301076,1909f56bfc062723c751e8b465ee728b)  -> (artifact id: 'b2f435a0446700c2eb0b54e3f593c620') in 0.008068 seconds 
========================================================================
Received Import Request.
  Time since last request: 5.102500 seconds.
  path: Assets/NatureStarterKit2
  artifactKey: Guid(714e752c52f09bc4d86f4671a4bd1d58) Importer(815301076,1909f56bfc062723c751e8b465ee728b)
Start importing Assets/NatureStarterKit2 using Guid(714e752c52f09bc4d86f4671a4bd1d58) Importer(815301076,1909f56bfc062723c751e8b465ee728b)  -> (artifact id: '1f9959078084dffca451846d70b5730d') in 0.001718 seconds 
========================================================================
Received Import Request.
  Time since last request: 2.354805 seconds.
  path: Assets/NatureStarterKit2/Scene/New Terrain.asset
  artifactKey: Guid(32620d2a18d1d6543869088db9e2d1c5) Importer(815301076,1909f56bfc062723c751e8b465ee728b)
Start importing Assets/NatureStarterKit2/Scene/New Terrain.asset using Guid(32620d2a18d1d6543869088db9e2d1c5) Importer(815301076,1909f56bfc062723c751e8b465ee728b)  -> (artifact id: '05a93cfdcb707af519fc8050229737a5') in 0.107663 seconds 
========================================================================
Received Prepare
Registering precompiled user dll's ...
Registered in 0.009846 seconds.
Begin MonoManager ReloadAssembly
Native extension for WindowsStandalone target not found
Refreshing native plugins compatible for Editor in 0.69 ms, found 2 plugins.
Preloading 0 native plugins for Editor in 0.00 ms.
Mono: successfully reloaded assembly
- Completed reload, in  1.132 seconds
Domain Reload Profiling:
	ReloadAssembly (1133ms)
		BeginReloadAssembly (165ms)
			ExecutionOrderSort (0ms)
			DisableScriptedObjects (5ms)
			BackupInstance (0ms)
			ReleaseScriptingObjects (0ms)
			CreateAndSetChildDomain (36ms)
		EndReloadAssembly (834ms)
			LoadAssemblies (119ms)
			RebuildTransferFunctionScriptingTraits (0ms)
			SetupTypeCache (227ms)
			ReleaseScriptCaches (2ms)
			RebuildScriptCaches (50ms)
			SetupLoadedEditorAssemblies (393ms)
				LogAssemblyErrors (0ms)
				InitializePlatformSupportModulesInManaged (14ms)
				SetLoadedEditorAssemblies (0ms)
				RefreshPlugins (1ms)
				BeforeProcessingInitializeOnLoad (89ms)
				ProcessInitializeOnLoadAttributes (196ms)
				ProcessInitializeOnLoadMethodAttributes (77ms)
				AfterProcessingInitializeOnLoad (17ms)
				EditorAssembliesLoaded (0ms)
			ExecutionOrderSort2 (0ms)
			AwakeInstancesAfterBackupRestoration (18ms)
Platform modules already initialized, skipping
Refreshing native plugins compatible for Editor in 0.78 ms, found 2 plugins.
Preloading 0 native plugins for Editor in 0.00 ms.
Unloading 2203 Unused Serialized files (Serialized files now loaded: 0)
Unloading 55 unused Assets / (0.5 MB). Loaded Objects now: 2923.
Memory consumption went from 105.8 MB to 105.2 MB.
Total: 5.967200 ms (FindLiveObjects: 0.189800 ms CreateObjectMapping: 0.063500 ms MarkObjects: 5.449000 ms  DeleteObjects: 0.264000 ms)

AssetImportParameters requested are different than current active one (requested -> active):
  custom:video-decoder-ogg-theora: a1e56fd34408186e4bbccfd4996cb3dc -> 
  custom:container-muxer-webm: aa71ff27fc2769a1b78a27578f13a17b -> 
  custom:container-demuxer-webm: 4f35f7cbe854078d1ac9338744f61a02 -> 
  custom:video-encoder-webm-vp8: eb34c28f22e8b96e1ab97ce403110664 -> 
  custom:video-codec-MediaFoundation-h265: 746d11721c4dcdbdad8f713fa42b33f4 -> 
  custom:audio-encoder-webm-vorbis: bf7c407c2cedff20999df2af8eb42d56 -> 
  custom:framework-win-MediaFoundation: 216162199b28c13a410421893ffa2e32 -> 
  custom:SearchIndexIgnoredProperties: e643bd26f0fe6173181afceb89e7c659 -> 
  custom:container-demuxer-ogg: 62fdf1f143b41e24485cea50d1cbac27 -> 
  custom:video-decoder-webm-vp8: 9c59270c3fd7afecdb556c50c9e8de78 -> 
  custom:audio-decoder-ogg-vorbis: bf7c407c2cedff20999df2af8eb42d56 -> 
========================================================================
Received Import Request.
  Time since last request: 180.443037 seconds.
  path: Assets/Models/Particles/Particles/Materials/DirtStreak.mat
  artifactKey: Guid(7386c91a9f7f56f489229e51dc3c9152) Importer(815301076,1909f56bfc062723c751e8b465ee728b)
Start importing Assets/Models/Particles/Particles/Materials/DirtStreak.mat using Guid(7386c91a9f7f56f489229e51dc3c9152) Importer(815301076,1909f56bfc062723c751e8b465ee728b)  -> (artifact id: '946b3703bdb91be79bce1c75c1a945f7') in 0.076330 seconds 
========================================================================
Received Import Request.
  Time since last request: 1.104682 seconds.
  path: Assets/Models/Particles/Particles/Textures/FireB.png
  artifactKey: Guid(f9e6c09f3989fe340a77fbc486bed230) Importer(815301076,1909f56bfc062723c751e8b465ee728b)
Start importing Assets/Models/Particles/Particles/Textures/FireB.png using Guid(f9e6c09f3989fe340a77fbc486bed230) Importer(815301076,1909f56bfc062723c751e8b465ee728b)  -> (artifact id: 'c71ee6b0f5811bda663a433977f99f6f') in 0.013730 seconds 
========================================================================
Received Import Request.
  Time since last request: 3.371489 seconds.
  path: Assets/Scenes/Halloween_Level/NavMesh.asset
  artifactKey: Guid(d3db4177ba5242f4dbe8f0695eca853b) Importer(815301076,1909f56bfc062723c751e8b465ee728b)
Start importing Assets/Scenes/Halloween_Level/NavMesh.asset using Guid(d3db4177ba5242f4dbe8f0695eca853b) Importer(815301076,1909f56bfc062723c751e8b465ee728b)  -> (artifact id: '090c944f31b789f91f7b793945224789') in 0.010316 seconds 
========================================================================
Received Import Request.
  Time since last request: 7.778010 seconds.
  path: Assets/Toon_Level_Kit/Resources/Models/Island/Island02.FBX
  artifactKey: Guid(8484116cdff753e43bc53166029238aa) Importer(815301076,1909f56bfc062723c751e8b465ee728b)
Start importing Assets/Toon_Level_Kit/Resources/Models/Island/Island02.FBX using Guid(8484116cdff753e43bc53166029238aa) Importer(815301076,1909f56bfc062723c751e8b465ee728b)  -> (artifact id: '02a8a2aea6878d0768101eac895b31b0') in 0.120689 seconds 
========================================================================
Received Import Request.
  Time since last request: 4.419396 seconds.
  path: Assets/Toon_Level_Kit/Resources/Models/Sky/Moon01.FBX
  artifactKey: Guid(0417f0eb6d41c4bc7ac0cf17e30cea43) Importer(815301076,1909f56bfc062723c751e8b465ee728b)
Start importing Assets/Toon_Level_Kit/Resources/Models/Sky/Moon01.FBX using Guid(0417f0eb6d41c4bc7ac0cf17e30cea43) Importer(815301076,1909f56bfc062723c751e8b465ee728b)  -> (artifact id: 'e56f3494fa65e5c97599945bc95567a9') in 0.019114 seconds 
========================================================================
Received Import Request.
  Time since last request: 0.504468 seconds.
  path: Assets/Toon_Level_Kit/Resources/Models/Stuff/Lantern01.FBX
  artifactKey: Guid(350603fedc59040fa82dee532715f5ad) Importer(815301076,1909f56bfc062723c751e8b465ee728b)
Start importing Assets/Toon_Level_Kit/Resources/Models/Stuff/Lantern01.FBX using Guid(350603fedc59040fa82dee532715f5ad) Importer(815301076,1909f56bfc062723c751e8b465ee728b)  -> (artifact id: '2093bf01d93cb8a092b40af6b6f21f03') in 0.016396 seconds 
========================================================================
Received Import Request.
  Time since last request: 0.652612 seconds.
  path: Assets/Toon_Level_Kit/Resources/Models/Tree/Tree05.FBX
  artifactKey: Guid(5266b1684679c44bda71db07ac3842a1) Importer(815301076,1909f56bfc062723c751e8b465ee728b)
Start importing Assets/Toon_Level_Kit/Resources/Models/Tree/Tree05.FBX using Guid(5266b1684679c44bda71db07ac3842a1) Importer(815301076,1909f56bfc062723c751e8b465ee728b)  -> (artifact id: 'ff51f730e6e0369c0af49444ea900569') in 0.116343 seconds 
========================================================================
Received Import Request.
  Time since last request: 0.766460 seconds.
  path: Assets/Toon_Level_Kit/Resources/Models/Vegetation/Grass02.FBX
  artifactKey: Guid(0737cef4e44c7449c9955f9dbfd38d7d) Importer(815301076,1909f56bfc062723c751e8b465ee728b)
Start importing Assets/Toon_Level_Kit/Resources/Models/Vegetation/Grass02.FBX using Guid(0737cef4e44c7449c9955f9dbfd38d7d) Importer(815301076,1909f56bfc062723c751e8b465ee728b)  -> (artifact id: '187c0f6fd23412ecfb6ba50efc24a28d') in 0.013926 seconds 
========================================================================
Received Import Request.
  Time since last request: 1.366051 seconds.
  path: Assets/Toon_Level_Kit/Resources/Models/Tomb/Stele01.FBX
  artifactKey: Guid(577843fbda66a460799a1402f7bed5ed) Importer(815301076,1909f56bfc062723c751e8b465ee728b)
Start importing Assets/Toon_Level_Kit/Resources/Models/Tomb/Stele01.FBX using Guid(577843fbda66a460799a1402f7bed5ed) Importer(815301076,1909f56bfc062723c751e8b465ee728b)  -> (artifact id: 'f9e9d2244a61c4a9737bcfc48225a932') in 0.018945 seconds 
========================================================================
Received Import Request.
  Time since last request: 0.000019 seconds.
  path: Assets/Toon_Level_Kit/Resources/Models/Tomb/TombStone03.FBX
  artifactKey: Guid(8d1f2e04c1acb41cbb8ec3e2b54b71ff) Importer(815301076,1909f56bfc062723c751e8b465ee728b)
Start importing Assets/Toon_Level_Kit/Resources/Models/Tomb/TombStone03.FBX using Guid(8d1f2e04c1acb41cbb8ec3e2b54b71ff) Importer(815301076,1909f56bfc062723c751e8b465ee728b)  -> (artifact id: 'ddf59cb7451297d2a2e711f8cfa687cf') in 0.017076 seconds 
========================================================================
Received Import Request.
  Time since last request: 0.000023 seconds.
  path: Assets/Toon_Level_Kit/Resources/Models/Tomb/TombStone02.FBX
  artifactKey: Guid(10e6fc781fe4647e2b4f77f90ad351cd) Importer(815301076,1909f56bfc062723c751e8b465ee728b)
Start importing Assets/Toon_Level_Kit/Resources/Models/Tomb/TombStone02.FBX using Guid(10e6fc781fe4647e2b4f77f90ad351cd) Importer(815301076,1909f56bfc062723c751e8b465ee728b)  -> (artifact id: '76e6d26749bcc276b62d982c0fcaf4d7') in 0.014984 seconds 
========================================================================
Received Import Request.
  Time since last request: 4.033632 seconds.
  path: Assets/Toon_Level_Kit/Resources/Models/Walls/Ark01.FBX
  artifactKey: Guid(01f98afb9059347f185df6eb28138fc0) Importer(815301076,1909f56bfc062723c751e8b465ee728b)
Start importing Assets/Toon_Level_Kit/Resources/Models/Walls/Ark01.FBX using Guid(01f98afb9059347f185df6eb28138fc0) Importer(815301076,1909f56bfc062723c751e8b465ee728b)  -> (artifact id: '34a9b8266c3113edae37cae058215add') in 0.041755 seconds 
========================================================================
Received Import Request.
  Time since last request: 0.000022 seconds.
  path: Assets/Toon_Level_Kit/Resources/Models/Walls/grid03.FBX
  artifactKey: Guid(841e44f601f414abdb6556ec8a95baf5) Importer(815301076,1909f56bfc062723c751e8b465ee728b)
Start importing Assets/Toon_Level_Kit/Resources/Models/Walls/grid03.FBX using Guid(841e44f601f414abdb6556ec8a95baf5) Importer(815301076,1909f56bfc062723c751e8b465ee728b)  -> (artifact id: '3a76df325c485a0a1a3099af0cbc7a94') in 0.107774 seconds 
========================================================================
Received Import Request.
  Time since last request: 0.000026 seconds.
  path: Assets/Toon_Level_Kit/Resources/Models/Walls/grid01.FBX
  artifactKey: Guid(4f703b79f01a94a3fa035901ed90412c) Importer(815301076,1909f56bfc062723c751e8b465ee728b)
Start importing Assets/Toon_Level_Kit/Resources/Models/Walls/grid01.FBX using Guid(4f703b79f01a94a3fa035901ed90412c) Importer(815301076,1909f56bfc062723c751e8b465ee728b)  -> (artifact id: '6ff2fc2f15263d67433c6ad574dd7f31') in 0.038748 seconds 
========================================================================
Received Import Request.
  Time since last request: 10.580302 seconds.
  path: Assets/Toon_Level_Kit/Examples
  artifactKey: Guid(c02043c7fa23d1a4f94ab06294e9686c) Importer(815301076,1909f56bfc062723c751e8b465ee728b)
Start importing Assets/Toon_Level_Kit/Examples using Guid(c02043c7fa23d1a4f94ab06294e9686c) Importer(815301076,1909f56bfc062723c751e8b465ee728b)  -> (artifact id: '94fde324b72ee56733af237e1183469b') in 0.001777 seconds 
========================================================================
Received Import Request.
  Time since last request: 0.674342 seconds.
  path: Assets/Toon_Level_Kit/Examples/Prefabs
  artifactKey: Guid(1c84fd767aad0a7439b98659cd9ce50e) Importer(815301076,1909f56bfc062723c751e8b465ee728b)
Start importing Assets/Toon_Level_Kit/Examples/Prefabs using Guid(1c84fd767aad0a7439b98659cd9ce50e) Importer(815301076,1909f56bfc062723c751e8b465ee728b)  -> (artifact id: 'fe6665c4daebde88a552b1c071a43434') in 0.001912 seconds 
========================================================================
Received Import Request.
  Time since last request: 0.062418 seconds.
  path: Assets/Toon_Level_Kit/Examples/Prefabs/helloween environment.prefab
  artifactKey: Guid(407bdd464e4e7d648a30008407f2d0b8) Importer(815301076,1909f56bfc062723c751e8b465ee728b)
Start importing Assets/Toon_Level_Kit/Examples/Prefabs/helloween environment.prefab using Guid(407bdd464e4e7d648a30008407f2d0b8) Importer(815301076,1909f56bfc062723c751e8b465ee728b)  -> (artifact id: '9fb9187fb224acb28d249152211a3fec') in 0.221089 seconds 
========================================================================
Received Import Request.
  Time since last request: 346.790381 seconds.
  path: Assets/Toon_Level_Kit/Resources
  artifactKey: Guid(0645098c85a1c0d44921df3d4665ec57) Importer(815301076,1909f56bfc062723c751e8b465ee728b)
Start importing Assets/Toon_Level_Kit/Resources using Guid(0645098c85a1c0d44921df3d4665ec57) Importer(815301076,1909f56bfc062723c751e8b465ee728b)  -> (artifact id: 'c8af22013e021429b7445e9aa17488ec') in 0.001760 seconds 
========================================================================
Received Import Request.
  Time since last request: 1.513297 seconds.
  path: Assets/Toon_Level_Kit/Resources/Materials
  artifactKey: Guid(2e999a0ca6acc1e42a6609891c39fc83) Importer(815301076,1909f56bfc062723c751e8b465ee728b)
Start importing Assets/Toon_Level_Kit/Resources/Materials using Guid(2e999a0ca6acc1e42a6609891c39fc83) Importer(815301076,1909f56bfc062723c751e8b465ee728b)  -> (artifact id: 'ce5915ee8a0bed24aef59bf0d42c98e3') in 0.001709 seconds 
========================================================================
Received Import Request.
  Time since last request: 0.071498 seconds.
  path: Assets/Toon_Level_Kit/Resources/Materials/Back_01.mat
  artifactKey: Guid(bb50de74d55004d7e873214192769e8f) Importer(815301076,1909f56bfc062723c751e8b465ee728b)
Start importing Assets/Toon_Level_Kit/Resources/Materials/Back_01.mat using Guid(bb50de74d55004d7e873214192769e8f) Importer(815301076,1909f56bfc062723c751e8b465ee728b)  -> (artifact id: '030d9ea5ba29eef7a2fd82f4facfc7ac') in 0.016024 seconds 
========================================================================
Received Import Request.
  Time since last request: 0.003693 seconds.
  path: Assets/Toon_Level_Kit/Resources/Materials/Blizzard.mat
  artifactKey: Guid(17cf821d3f76d45a78a22e1bc1991f1f) Importer(815301076,1909f56bfc062723c751e8b465ee728b)
Start importing Assets/Toon_Level_Kit/Resources/Materials/Blizzard.mat using Guid(17cf821d3f76d45a78a22e1bc1991f1f) Importer(815301076,1909f56bfc062723c751e8b465ee728b)  -> (artifact id: '80a38d7eb84c3369e5e561851bfd1bd2') in 0.007942 seconds 
========================================================================
Received Import Request.
  Time since last request: 0.000028 seconds.
  path: Assets/Toon_Level_Kit/Resources/Materials/Sparc01.mat
  artifactKey: Guid(561609cb3501e40debffe283fd815037) Importer(815301076,1909f56bfc062723c751e8b465ee728b)
Start importing Assets/Toon_Level_Kit/Resources/Materials/Sparc01.mat using Guid(561609cb3501e40debffe283fd815037) Importer(815301076,1909f56bfc062723c751e8b465ee728b)  -> (artifact id: 'f5b51fcf6a358c49a85551e10ef59f7e') in 0.009265 seconds 
========================================================================
Received Import Request.
  Time since last request: 0.000026 seconds.
  path: Assets/Toon_Level_Kit/Resources/Materials/NightWitch.mat
  artifactKey: Guid(2571a89a455054e1c8942205062133d2) Importer(815301076,1909f56bfc062723c751e8b465ee728b)
Start importing Assets/Toon_Level_Kit/Resources/Materials/NightWitch.mat using Guid(2571a89a455054e1c8942205062133d2) Importer(815301076,1909f56bfc062723c751e8b465ee728b)  -> (artifact id: '2b5140790feb081d1945e74805beebdb') in 0.008081 seconds 
========================================================================
Received Import Request.
  Time since last request: 0.000019 seconds.
  path: Assets/Toon_Level_Kit/Resources/Materials/SpiderWeb.mat
  artifactKey: Guid(5943e4f79839240dd80065edd9fb1a32) Importer(815301076,1909f56bfc062723c751e8b465ee728b)
Start importing Assets/Toon_Level_Kit/Resources/Materials/SpiderWeb.mat using Guid(5943e4f79839240dd80065edd9fb1a32) Importer(815301076,1909f56bfc062723c751e8b465ee728b)  -> (artifact id: '1713bdf072ceb8579b2a30223d255cb6') in 0.008073 seconds 
========================================================================
Received Import Request.
  Time since last request: 0.000015 seconds.
  path: Assets/Toon_Level_Kit/Resources/Materials/Island-Rock Halloween.mat
  artifactKey: Guid(a4cb6e339b2b645fba4bb612c0c8a058) Importer(815301076,1909f56bfc062723c751e8b465ee728b)
Start importing Assets/Toon_Level_Kit/Resources/Materials/Island-Rock Halloween.mat using Guid(a4cb6e339b2b645fba4bb612c0c8a058) Importer(815301076,1909f56bfc062723c751e8b465ee728b)  -> (artifact id: '4c9a7844689cbd0155fddce7b491d333') in 0.008804 seconds 
========================================================================
Received Import Request.
  Time since last request: 0.000016 seconds.
  path: Assets/Toon_Level_Kit/Resources/Materials/Grid01.mat
  artifactKey: Guid(0cb8971e9f51e44a0a3779c96d671332) Importer(815301076,1909f56bfc062723c751e8b465ee728b)
Start importing Assets/Toon_Level_Kit/Resources/Materials/Grid01.mat using Guid(0cb8971e9f51e44a0a3779c96d671332) Importer(815301076,1909f56bfc062723c751e8b465ee728b)  -> (artifact id: 'e09dd944a926af6737350db7aa31e70f') in 0.010249 seconds 
========================================================================
Received Import Request.
  Time since last request: 0.000038 seconds.
  path: Assets/Toon_Level_Kit/Resources/Materials/Tree01.mat
  artifactKey: Guid(c9bea9f3a44154a4b9221255806b3cb3) Importer(815301076,1909f56bfc062723c751e8b465ee728b)
Start importing Assets/Toon_Level_Kit/Resources/Materials/Tree01.mat using Guid(c9bea9f3a44154a4b9221255806b3cb3) Importer(815301076,1909f56bfc062723c751e8b465ee728b)  -> (artifact id: '6773799c965f1d1694b6dbd9d59b45d1') in 0.010450 seconds 
========================================================================
Received Import Request.
  Time since last request: 0.000021 seconds.
  path: Assets/Toon_Level_Kit/Resources/Materials/Bone.mat
  artifactKey: Guid(ae096765d686340ffbcb1b1b9426356a) Importer(815301076,1909f56bfc062723c751e8b465ee728b)
Start importing Assets/Toon_Level_Kit/Resources/Materials/Bone.mat using Guid(ae096765d686340ffbcb1b1b9426356a) Importer(815301076,1909f56bfc062723c751e8b465ee728b)  -> (artifact id: '49c1434b0d7674a868ab5e81b6642f5c') in 0.011381 seconds 
========================================================================
Received Import Request.
  Time since last request: 0.000020 seconds.
  path: Assets/Toon_Level_Kit/Resources/Materials/Sun_Sprite.mat
  artifactKey: Guid(35683e6a8fffe4accab922235077211b) Importer(815301076,1909f56bfc062723c751e8b465ee728b)
Start importing Assets/Toon_Level_Kit/Resources/Materials/Sun_Sprite.mat using Guid(35683e6a8fffe4accab922235077211b) Importer(815301076,1909f56bfc062723c751e8b465ee728b)  -> (artifact id: 'f947f24529bd012846604ebfa8221f90') in 0.011736 seconds 
========================================================================
Received Import Request.
  Time since last request: 0.000027 seconds.
  path: Assets/Toon_Level_Kit/Resources/Materials/Owls.mat
  artifactKey: Guid(f15f4964493d7420380e347c20216d4a) Importer(815301076,1909f56bfc062723c751e8b465ee728b)
Start importing Assets/Toon_Level_Kit/Resources/Materials/Owls.mat using Guid(f15f4964493d7420380e347c20216d4a) Importer(815301076,1909f56bfc062723c751e8b465ee728b)  -> (artifact id: 'df278e84b5af0f1298e3beac731035c7') in 0.009378 seconds 
========================================================================
Received Import Request.
  Time since last request: 0.000022 seconds.
  path: Assets/Toon_Level_Kit/Resources/Materials/Casttle.mat
  artifactKey: Guid(400bf624b8f994663907f34189d408fe) Importer(815301076,1909f56bfc062723c751e8b465ee728b)
Start importing Assets/Toon_Level_Kit/Resources/Materials/Casttle.mat using Guid(400bf624b8f994663907f34189d408fe) Importer(815301076,1909f56bfc062723c751e8b465ee728b)  -> (artifact id: 'bbcae0129545ebd1f8f3a3cbd256c689') in 0.009163 seconds 
========================================================================
Received Import Request.
  Time since last request: 0.000013 seconds.
  path: Assets/Toon_Level_Kit/Resources/Materials/Wall01.mat
  artifactKey: Guid(3c949088bbe724c8d961ee12b6e7abe5) Importer(815301076,1909f56bfc062723c751e8b465ee728b)
Start importing Assets/Toon_Level_Kit/Resources/Materials/Wall01.mat using Guid(3c949088bbe724c8d961ee12b6e7abe5) Importer(815301076,1909f56bfc062723c751e8b465ee728b)  -> (artifact id: '309579736a4ca2852a0417f18e52145f') in 0.012202 seconds 
========================================================================
Received Import Request.
  Time since last request: 0.000019 seconds.
  path: Assets/Toon_Level_Kit/Resources/Materials/Squeleton_01.mat
  artifactKey: Guid(77e5dafcce3ff4906a9890e6f490437c) Importer(815301076,1909f56bfc062723c751e8b465ee728b)
Start importing Assets/Toon_Level_Kit/Resources/Materials/Squeleton_01.mat using Guid(77e5dafcce3ff4906a9890e6f490437c) Importer(815301076,1909f56bfc062723c751e8b465ee728b)  -> (artifact id: 'a2e09bc8680104204cfba9646c465806') in 0.008380 seconds 
========================================================================
Received Import Request.
  Time since last request: 0.000033 seconds.
  path: Assets/Toon_Level_Kit/Resources/Materials/Rock02.mat
  artifactKey: Guid(d94ea22e502984eabb1882fd65109eeb) Importer(815301076,1909f56bfc062723c751e8b465ee728b)
Start importing Assets/Toon_Level_Kit/Resources/Materials/Rock02.mat using Guid(d94ea22e502984eabb1882fd65109eeb) Importer(815301076,1909f56bfc062723c751e8b465ee728b)  -> (artifact id: 'a2d78468732f93391ef40e948ac42abb') in 0.012254 seconds 
========================================================================
Received Import Request.
  Time since last request: 0.000028 seconds.
  path: Assets/Toon_Level_Kit/Resources/Materials/Island-Rock.mat
  artifactKey: Guid(a832cd31266b077438c61cb6f928e6ff) Importer(815301076,1909f56bfc062723c751e8b465ee728b)
Start importing Assets/Toon_Level_Kit/Resources/Materials/Island-Rock.mat using Guid(a832cd31266b077438c61cb6f928e6ff) Importer(815301076,1909f56bfc062723c751e8b465ee728b)  -> (artifact id: 'eba5da10e31071a72aeeeb725c08fcb8') in 0.008374 seconds 
========================================================================
Received Import Request.
  Time since last request: 0.000020 seconds.
  path: Assets/Toon_Level_Kit/Resources/Materials/BigCat.mat
  artifactKey: Guid(3124becc04011497f990bda175898213) Importer(815301076,1909f56bfc062723c751e8b465ee728b)
Start importing Assets/Toon_Level_Kit/Resources/Materials/BigCat.mat using Guid(3124becc04011497f990bda175898213) Importer(815301076,1909f56bfc062723c751e8b465ee728b)  -> (artifact id: '6295fe831efc061b4639351459729f8f') in 0.010712 seconds 
========================================================================
Received Import Request.
  Time since last request: 0.000031 seconds.
  path: Assets/Toon_Level_Kit/Resources/Materials/Vegetation01.mat
  artifactKey: Guid(29b2545e4fef3c146a1916b08280ec92) Importer(815301076,1909f56bfc062723c751e8b465ee728b)
Start importing Assets/Toon_Level_Kit/Resources/Materials/Vegetation01.mat using Guid(29b2545e4fef3c146a1916b08280ec92) Importer(815301076,1909f56bfc062723c751e8b465ee728b)  -> (artifact id: 'b9c52c98e61eae69cafff82d714b6f65') in 0.010703 seconds 
========================================================================
Received Import Request.
  Time since last request: 0.000017 seconds.
  path: Assets/Toon_Level_Kit/Resources/Materials/Stuff01.mat
  artifactKey: Guid(d1085f7355fe3264dbe41babc630be8b) Importer(815301076,1909f56bfc062723c751e8b465ee728b)
Start importing Assets/Toon_Level_Kit/Resources/Materials/Stuff01.mat using Guid(d1085f7355fe3264dbe41babc630be8b) Importer(815301076,1909f56bfc062723c751e8b465ee728b)  -> (artifact id: '199742032bf14d90ff780630ad7b71eb') in 0.009902 seconds 
========================================================================
Received Import Request.
  Time since last request: 0.000017 seconds.
  path: Assets/Toon_Level_Kit/Resources/Materials/Ghost.mat
  artifactKey: Guid(797e6ce58b17f4b84ab6a83435f9e5d1) Importer(815301076,1909f56bfc062723c751e8b465ee728b)
Start importing Assets/Toon_Level_Kit/Resources/Materials/Ghost.mat using Guid(797e6ce58b17f4b84ab6a83435f9e5d1) Importer(815301076,1909f56bfc062723c751e8b465ee728b)  -> (artifact id: '71c4058b03192daecceeae024ade64c0') in 0.008568 seconds 
========================================================================
Received Import Request.
  Time since last request: 0.000034 seconds.
  path: Assets/Toon_Level_Kit/Resources/Materials/grd_haze_halloween.mat
  artifactKey: Guid(8931dc4111e7a4f50a2e61e6b88e7927) Importer(815301076,1909f56bfc062723c751e8b465ee728b)
Start importing Assets/Toon_Level_Kit/Resources/Materials/grd_haze_halloween.mat using Guid(8931dc4111e7a4f50a2e61e6b88e7927) Importer(815301076,1909f56bfc062723c751e8b465ee728b)  -> (artifact id: 'f04756d266611088656fb247cfafa206') in 0.011090 seconds 
========================================================================
Received Import Request.
  Time since last request: 0.000024 seconds.
  path: Assets/Toon_Level_Kit/Resources/Materials/Island-Ground.mat
  artifactKey: Guid(5b47de9ea95fed84c95fe7aabb0de148) Importer(815301076,1909f56bfc062723c751e8b465ee728b)
Start importing Assets/Toon_Level_Kit/Resources/Materials/Island-Ground.mat using Guid(5b47de9ea95fed84c95fe7aabb0de148) Importer(815301076,1909f56bfc062723c751e8b465ee728b)  -> (artifact id: '162c8077d1e07e9f3f9e9264d92a6ffd') in 0.009139 seconds 
========================================================================
Received Import Request.
  Time since last request: 0.957468 seconds.
  path: Assets/Toon_Level_Kit/Resources/Textures/Back_02.png
  artifactKey: Guid(eac1e412e47154dccae2848fd9360986) Importer(815301076,1909f56bfc062723c751e8b465ee728b)
Start importing Assets/Toon_Level_Kit/Resources/Textures/Back_02.png using Guid(eac1e412e47154dccae2848fd9360986) Importer(815301076,1909f56bfc062723c751e8b465ee728b)  -> (artifact id: '1872552e37418d6dc45d997d4f9ad332') in 0.009043 seconds 
========================================================================
Received Import Request.
  Time since last request: 0.818318 seconds.
  path: Assets/Toon_Level_Kit/Resources/Textures/Cat_01.png
  artifactKey: Guid(019e4cbbb5d554db2a0e01ffe12dee04) Importer(815301076,1909f56bfc062723c751e8b465ee728b)
Start importing Assets/Toon_Level_Kit/Resources/Textures/Cat_01.png using Guid(019e4cbbb5d554db2a0e01ffe12dee04) Importer(815301076,1909f56bfc062723c751e8b465ee728b)  -> (artifact id: '3e434466f53e6bee2a2c3dd8905dee93') in 0.007631 seconds 
========================================================================
Received Import Request.
  Time since last request: 1.414818 seconds.
  path: Assets/Toon_Level_Kit/Resources/Textures/Column01.png
  artifactKey: Guid(6b3edd48a9d23499cac2fbf8cb544f85) Importer(815301076,1909f56bfc062723c751e8b465ee728b)
Start importing Assets/Toon_Level_Kit/Resources/Textures/Column01.png using Guid(6b3edd48a9d23499cac2fbf8cb544f85) Importer(815301076,1909f56bfc062723c751e8b465ee728b)  -> (artifact id: 'a2691f6001b967fec95d1de0c5563d6f') in 0.012288 seconds 
========================================================================
Received Import Request.
  Time since last request: 0.625519 seconds.
  path: Assets/Toon_Level_Kit/Resources/Textures/grd_haze.png
  artifactKey: Guid(18ee746f47d95e549bf5aba36c684edd) Importer(815301076,1909f56bfc062723c751e8b465ee728b)
Start importing Assets/Toon_Level_Kit/Resources/Textures/grd_haze.png using Guid(18ee746f47d95e549bf5aba36c684edd) Importer(815301076,1909f56bfc062723c751e8b465ee728b)  -> (artifact id: 'c2045efd20d5c0d2bce88d740982b7a4') in 0.012665 seconds 
========================================================================
Received Import Request.
  Time since last request: 0.404520 seconds.
  path: Assets/Toon_Level_Kit/Resources/Textures/grd_halloween.png
  artifactKey: Guid(dae6507a30d804dffa358888d3a20c57) Importer(815301076,1909f56bfc062723c751e8b465ee728b)
Start importing Assets/Toon_Level_Kit/Resources/Textures/grd_halloween.png using Guid(dae6507a30d804dffa358888d3a20c57) Importer(815301076,1909f56bfc062723c751e8b465ee728b)  -> (artifact id: '1e2861789cb0c5eef25d88bceff7c702') in 0.067611 seconds 
========================================================================
Received Import Request.
  Time since last request: 0.391653 seconds.
  path: Assets/Toon_Level_Kit/Resources/Textures/Grid01.png
  artifactKey: Guid(2edd86e8f0da94e90b880a1abc23a2bf) Importer(815301076,1909f56bfc062723c751e8b465ee728b)
Start importing Assets/Toon_Level_Kit/Resources/Textures/Grid01.png using Guid(2edd86e8f0da94e90b880a1abc23a2bf) Importer(815301076,1909f56bfc062723c751e8b465ee728b)  -> (artifact id: 'd6081d79e7f3a64ae6d90f824e1a2091') in 0.037298 seconds 
========================================================================
Received Import Request.
  Time since last request: 0.647713 seconds.
  path: Assets/Toon_Level_Kit/Resources/Textures/Ground-grass01.png
  artifactKey: Guid(f097cdd0fa39dcd4aabbb43c3e6db258) Importer(815301076,1909f56bfc062723c751e8b465ee728b)
Start importing Assets/Toon_Level_Kit/Resources/Textures/Ground-grass01.png using Guid(f097cdd0fa39dcd4aabbb43c3e6db258) Importer(815301076,1909f56bfc062723c751e8b465ee728b)  -> (artifact id: '574729361f1c3ea249c447c60e134cd1') in 0.007589 seconds 
========================================================================
Received Import Request.
  Time since last request: 1.521186 seconds.
  path: Assets/Toon_Level_Kit/Resources/Textures/Spider_Web_A.png
  artifactKey: Guid(8a52bee59cd16440d8ebd4733a7dd77b) Importer(815301076,1909f56bfc062723c751e8b465ee728b)
Start importing Assets/Toon_Level_Kit/Resources/Textures/Spider_Web_A.png using Guid(8a52bee59cd16440d8ebd4733a7dd77b) Importer(815301076,1909f56bfc062723c751e8b465ee728b)  -> (artifact id: '180a3a25cb50bdee853213087be980c2') in 0.006791 seconds 
========================================================================
Received Import Request.
  Time since last request: 0.446359 seconds.
  path: Assets/Toon_Level_Kit/Resources/Textures/Sparc02.png
  artifactKey: Guid(7f6c16b4821214c049c6de665cbfde66) Importer(815301076,1909f56bfc062723c751e8b465ee728b)
Start importing Assets/Toon_Level_Kit/Resources/Textures/Sparc02.png using Guid(7f6c16b4821214c049c6de665cbfde66) Importer(815301076,1909f56bfc062723c751e8b465ee728b)  -> (artifact id: 'bc96b016ff90f10f57cf120d3eaf087b') in 0.006578 seconds 
========================================================================
Received Import Request.
  Time since last request: 0.519101 seconds.
  path: Assets/Toon_Level_Kit/Resources/Textures/Rock02.png
  artifactKey: Guid(a721a9c00b4754deb998cf0776811142) Importer(815301076,1909f56bfc062723c751e8b465ee728b)
Start importing Assets/Toon_Level_Kit/Resources/Textures/Rock02.png using Guid(a721a9c00b4754deb998cf0776811142) Importer(815301076,1909f56bfc062723c751e8b465ee728b)  -> (artifact id: 'ec2585c55b66b494cf7c8fd6dec1804b') in 0.009845 seconds 
========================================================================
Received Import Request.
  Time since last request: 0.767006 seconds.
  path: Assets/Toon_Level_Kit/Resources/Textures/Owls_01.png
  artifactKey: Guid(f58f79f435fbc4d239cf719387e22b7c) Importer(815301076,1909f56bfc062723c751e8b465ee728b)
Start importing Assets/Toon_Level_Kit/Resources/Textures/Owls_01.png using Guid(f58f79f435fbc4d239cf719387e22b7c) Importer(815301076,1909f56bfc062723c751e8b465ee728b)  -> (artifact id: 'afa4a1c9f23dd891e451d1daaa44afa7') in 0.009743 seconds 
========================================================================
Received Import Request.
  Time since last request: 0.378846 seconds.
  path: Assets/Toon_Level_Kit/Resources/Textures/Witch_01.png
  artifactKey: Guid(943280fabcb6a41a6b277b485cfc95db) Importer(815301076,1909f56bfc062723c751e8b465ee728b)
Start importing Assets/Toon_Level_Kit/Resources/Textures/Witch_01.png using Guid(943280fabcb6a41a6b277b485cfc95db) Importer(815301076,1909f56bfc062723c751e8b465ee728b)  -> (artifact id: '8a62871c277778dbb88cd2dfb56e3a2d') in 0.011181 seconds 
========================================================================
Received Import Request.
  Time since last request: 1.030787 seconds.
  path: Assets/Toon_Level_Kit/Resources/Textures/Torch_01.png
  artifactKey: Guid(4cd0b50948d0ed14bb40a5ae2d1c9fd4) Importer(815301076,1909f56bfc062723c751e8b465ee728b)
Start importing Assets/Toon_Level_Kit/Resources/Textures/Torch_01.png using Guid(4cd0b50948d0ed14bb40a5ae2d1c9fd4) Importer(815301076,1909f56bfc062723c751e8b465ee728b)  -> (artifact id: 'ca2284e6468a9ee18c41c68ef7783503') in 0.178916 seconds 
========================================================================
Received Import Request.
  Time since last request: 0.192975 seconds.
  path: Assets/Toon_Level_Kit/Resources/Textures/Tree01.png
  artifactKey: Guid(f1f896ea1039eaa4891fb460997327aa) Importer(815301076,1909f56bfc062723c751e8b465ee728b)
Start importing Assets/Toon_Level_Kit/Resources/Textures/Tree01.png using Guid(f1f896ea1039eaa4891fb460997327aa) Importer(815301076,1909f56bfc062723c751e8b465ee728b)  -> (artifact id: '279d79e57664c60f6a7b08f824c8d671') in 0.008367 seconds 
========================================================================
Received Import Request.
  Time since last request: 0.369668 seconds.
  path: Assets/Toon_Level_Kit/Resources/Textures/Vegetation01.png
  artifactKey: Guid(267826dd39b2db1478dc632ae261ee7e) Importer(815301076,1909f56bfc062723c751e8b465ee728b)
Start importing Assets/Toon_Level_Kit/Resources/Textures/Vegetation01.png using Guid(267826dd39b2db1478dc632ae261ee7e) Importer(815301076,1909f56bfc062723c751e8b465ee728b)  -> (artifact id: '6feb511a80b460002ecb76a3ee7ae722') in 0.010964 seconds 
========================================================================
Received Import Request.
  Time since last request: 0.277390 seconds.
  path: Assets/Toon_Level_Kit/Resources/Textures/Wall01.png
  artifactKey: Guid(5d3eaa6eaf1ce469ba9ea2e388a8ca60) Importer(815301076,1909f56bfc062723c751e8b465ee728b)
Start importing Assets/Toon_Level_Kit/Resources/Textures/Wall01.png using Guid(5d3eaa6eaf1ce469ba9ea2e388a8ca60) Importer(815301076,1909f56bfc062723c751e8b465ee728b)  -> (artifact id: '34d2f9376b1094bf0c08229b07a8418f') in 0.015136 seconds 
========================================================================
Received Prepare
Registering precompiled user dll's ...
Registered in 0.010071 seconds.
Begin MonoManager ReloadAssembly
Native extension for WindowsStandalone target not found
Refreshing native plugins compatible for Editor in 0.79 ms, found 2 plugins.
Preloading 0 native plugins for Editor in 0.00 ms.
Mono: successfully reloaded assembly
- Completed reload, in  1.373 seconds
Domain Reload Profiling:
	ReloadAssembly (1374ms)
		BeginReloadAssembly (214ms)
			ExecutionOrderSort (0ms)
			DisableScriptedObjects (8ms)
			BackupInstance (0ms)
			ReleaseScriptingObjects (0ms)
			CreateAndSetChildDomain (38ms)
		EndReloadAssembly (1023ms)
			LoadAssemblies (157ms)
			RebuildTransferFunctionScriptingTraits (0ms)
			SetupTypeCache (212ms)
			ReleaseScriptCaches (2ms)
			RebuildScriptCaches (56ms)
			SetupLoadedEditorAssemblies (515ms)
				LogAssemblyErrors (0ms)
				InitializePlatformSupportModulesInManaged (16ms)
				SetLoadedEditorAssemblies (0ms)
				RefreshPlugins (1ms)
				BeforeProcessingInitializeOnLoad (106ms)
				ProcessInitializeOnLoadAttributes (266ms)
				ProcessInitializeOnLoadMethodAttributes (104ms)
				AfterProcessingInitializeOnLoad (22ms)
				EditorAssembliesLoaded (0ms)
			ExecutionOrderSort2 (0ms)
			AwakeInstancesAfterBackupRestoration (32ms)
Platform modules already initialized, skipping
Refreshing native plugins compatible for Editor in 1.35 ms, found 2 plugins.
Preloading 0 native plugins for Editor in 0.00 ms.
Unloading 2217 Unused Serialized files (Serialized files now loaded: 0)
Unloading 52 unused Assets / (25.8 KB). Loaded Objects now: 3182.
Memory consumption went from 167.2 MB to 167.2 MB.
Total: 7.356600 ms (FindLiveObjects: 0.341300 ms CreateObjectMapping: 0.083200 ms MarkObjects: 6.887500 ms  DeleteObjects: 0.043200 ms)

AssetImportParameters requested are different than current active one (requested -> active):
  custom:video-decoder-ogg-theora: a1e56fd34408186e4bbccfd4996cb3dc -> 
  custom:container-muxer-webm: aa71ff27fc2769a1b78a27578f13a17b -> 
  custom:container-demuxer-webm: 4f35f7cbe854078d1ac9338744f61a02 -> 
  custom:video-encoder-webm-vp8: eb34c28f22e8b96e1ab97ce403110664 -> 
  custom:video-codec-MediaFoundation-h265: 746d11721c4dcdbdad8f713fa42b33f4 -> 
  custom:audio-encoder-webm-vorbis: bf7c407c2cedff20999df2af8eb42d56 -> 
  custom:framework-win-MediaFoundation: 216162199b28c13a410421893ffa2e32 -> 
  custom:SearchIndexIgnoredProperties: e643bd26f0fe6173181afceb89e7c659 -> 
  custom:container-demuxer-ogg: 62fdf1f143b41e24485cea50d1cbac27 -> 
  custom:video-decoder-webm-vp8: 9c59270c3fd7afecdb556c50c9e8de78 -> 
  custom:audio-decoder-ogg-vorbis: bf7c407c2cedff20999df2af8eb42d56 -> 
