Using pre-set license
Built from '2021.2/staging' branch; Version is '2021.2.7f1 (6bd9e232123f) revision 7068130'; Using compiler version '192829333'; Build Type 'Release'
OS: 'Windows 11  (10.0.22000) 64bit CoreCountrySpecific' Language: 'zh' Physical Memory: 15734 MB
BatchMode: 1, IsHumanControllingUs: 0, StartBugReporterOnCrash: 0, Is64bit: 1, IsPro: 0

COMMAND LINE ARGUMENTS:
C:\Program Files\Unity\Hub\Editor\2021.2.7f1\Editor\Unity.exe
-adb2
-batchMode
-noUpm
-name
AssetImportWorker7
-projectPath
C:/Users/zhangqilin/Desktop/DreamOfSpeed/code/TPS SLG Game
-logFile
Logs/AssetImportWorker7.log
-srvPort
6635
Successfully changed project path to: C:/Users/zhangqilin/Desktop/DreamOfSpeed/code/TPS SLG Game
C:/Users/zhangqilin/Desktop/DreamOfSpeed/code/TPS SLG Game
[UnityMemory] Configuration Parameters - Can be set up in boot.config
    "memorysetup-bucket-allocator-granularity=16"
    "memorysetup-bucket-allocator-bucket-count=8"
    "memorysetup-bucket-allocator-block-size=33554432"
    "memorysetup-bucket-allocator-block-count=8"
    "memorysetup-main-allocator-block-size=16777216"
    "memorysetup-thread-allocator-block-size=16777216"
    "memorysetup-gfx-main-allocator-block-size=16777216"
    "memorysetup-gfx-thread-allocator-block-size=16777216"
    "memorysetup-cache-allocator-block-size=4194304"
    "memorysetup-typetree-allocator-block-size=2097152"
    "memorysetup-profiler-bucket-allocator-granularity=16"
    "memorysetup-profiler-bucket-allocator-bucket-count=8"
    "memorysetup-profiler-bucket-allocator-block-size=33554432"
    "memorysetup-profiler-bucket-allocator-block-count=8"
    "memorysetup-profiler-allocator-block-size=16777216"
    "memorysetup-profiler-editor-allocator-block-size=1048576"
    "memorysetup-temp-allocator-size-main=16777216"
    "memorysetup-job-temp-allocator-block-size=2097152"
    "memorysetup-job-temp-allocator-block-size-background=1048576"
    "memorysetup-job-temp-allocator-reduction-small-platforms=262144"
    "memorysetup-temp-allocator-size-background-worker=32768"
    "memorysetup-temp-allocator-size-job-worker=262144"
    "memorysetup-temp-allocator-size-preload-manager=33554432"
    "memorysetup-temp-allocator-size-nav-mesh-worker=65536"
    "memorysetup-temp-allocator-size-audio-worker=65536"
    "memorysetup-temp-allocator-size-cloud-worker=32768"
    "memorysetup-temp-allocator-size-gi-baking-worker=262144"
    "memorysetup-temp-allocator-size-gfx=262144"
Refreshing native plugins compatible for Editor in 65.10 ms, found 2 plugins.
Preloading 0 native plugins for Editor in 0.00 ms.
Initialize engine version: 2021.2.7f1 (6bd9e232123f)
[Subsystems] Discovering subsystems at path C:/Program Files/Unity/Hub/Editor/2021.2.7f1/Editor/Data/Resources/UnitySubsystems
[Subsystems] Discovering subsystems at path C:/Users/zhangqilin/Desktop/DreamOfSpeed/code/TPS SLG Game/Assets
GfxDevice: creating device client; threaded=0; jobified=0
Direct3D:
    Version:  Direct3D 11.0 [level 11.1]
    Renderer: NVIDIA GeForce RTX 3050 Ti Laptop GPU (ID=0x2563)
    Vendor:   NVIDIA
    VRAM:     3990 MB
    Driver:   30.0.14.7219
Initialize mono
Mono path[0] = 'C:/Program Files/Unity/Hub/Editor/2021.2.7f1/Editor/Data/Managed'
Mono path[1] = 'C:/Program Files/Unity/Hub/Editor/2021.2.7f1/Editor/Data/MonoBleedingEdge/lib/mono/unityjit-win32'
Mono config path = 'C:/Program Files/Unity/Hub/Editor/2021.2.7f1/Editor/Data/MonoBleedingEdge/etc'
Using monoOptions --debugger-agent=transport=dt_socket,embedding=1,server=y,suspend=n,address=127.0.0.1:56204
Begin MonoManager ReloadAssembly
Registering precompiled unity dll's ...
Register platform support module: C:/Program Files/Unity/Hub/Editor/2021.2.7f1/Editor/Data/PlaybackEngines/WindowsStandaloneSupport/UnityEditor.WindowsStandalone.Extensions.dll
Registered in 0.013304 seconds.
Native extension for WindowsStandalone target not found
Refreshing native plugins compatible for Editor in 44.01 ms, found 2 plugins.
Preloading 0 native plugins for Editor in 0.00 ms.
Mono: successfully reloaded assembly
- Completed reload, in  0.514 seconds
Domain Reload Profiling:
	ReloadAssembly (515ms)
		BeginReloadAssembly (80ms)
			ExecutionOrderSort (0ms)
			DisableScriptedObjects (0ms)
			BackupInstance (0ms)
			ReleaseScriptingObjects (0ms)
			CreateAndSetChildDomain (1ms)
		EndReloadAssembly (354ms)
			LoadAssemblies (77ms)
			RebuildTransferFunctionScriptingTraits (0ms)
			SetupTypeCache (76ms)
			ReleaseScriptCaches (0ms)
			RebuildScriptCaches (21ms)
			SetupLoadedEditorAssemblies (204ms)
				LogAssemblyErrors (0ms)
				InitializePlatformSupportModulesInManaged (15ms)
				SetLoadedEditorAssemblies (0ms)
				RefreshPlugins (44ms)
				BeforeProcessingInitializeOnLoad (1ms)
				ProcessInitializeOnLoadAttributes (102ms)
				ProcessInitializeOnLoadMethodAttributes (42ms)
				AfterProcessingInitializeOnLoad (0ms)
				EditorAssembliesLoaded (0ms)
			ExecutionOrderSort2 (0ms)
			AwakeInstancesAfterBackupRestoration (0ms)
Platform modules already initialized, skipping
Registering precompiled user dll's ...
Registered in 0.009034 seconds.
Begin MonoManager ReloadAssembly
Native extension for WindowsStandalone target not found
Refreshing native plugins compatible for Editor in 0.65 ms, found 2 plugins.
Preloading 0 native plugins for Editor in 0.00 ms.
Package Manager log level set to [2]
Mono: successfully reloaded assembly
- Completed reload, in  0.875 seconds
Domain Reload Profiling:
	ReloadAssembly (876ms)
		BeginReloadAssembly (110ms)
			ExecutionOrderSort (0ms)
			DisableScriptedObjects (5ms)
			BackupInstance (0ms)
			ReleaseScriptingObjects (0ms)
			CreateAndSetChildDomain (17ms)
		EndReloadAssembly (673ms)
			LoadAssemblies (86ms)
			RebuildTransferFunctionScriptingTraits (0ms)
			SetupTypeCache (146ms)
			ReleaseScriptCaches (0ms)
			RebuildScriptCaches (36ms)
			SetupLoadedEditorAssemblies (376ms)
				LogAssemblyErrors (0ms)
				InitializePlatformSupportModulesInManaged (12ms)
				SetLoadedEditorAssemblies (0ms)
				RefreshPlugins (1ms)
				BeforeProcessingInitializeOnLoad (73ms)
				ProcessInitializeOnLoadAttributes (199ms)
				ProcessInitializeOnLoadMethodAttributes (78ms)
				AfterProcessingInitializeOnLoad (14ms)
				EditorAssembliesLoaded (0ms)
			ExecutionOrderSort2 (0ms)
			AwakeInstancesAfterBackupRestoration (10ms)
Platform modules already initialized, skipping
========================================================================
Worker process is ready to serve import requests
Launched and connected shader compiler UnityShaderCompiler.exe after 0.04 seconds
Refreshing native plugins compatible for Editor in 0.99 ms, found 2 plugins.
Preloading 0 native plugins for Editor in 0.00 ms.
Unloading 2211 Unused Serialized files (Serialized files now loaded: 0)
Unloading 61 unused Assets / (57.7 KB). Loaded Objects now: 2677.
Memory consumption went from 103.1 MB to 103.1 MB.
Total: 5.447200 ms (FindLiveObjects: 0.179100 ms CreateObjectMapping: 0.068800 ms MarkObjects: 5.120100 ms  DeleteObjects: 0.078200 ms)

AssetImportParameters requested are different than current active one (requested -> active):
  custom:video-decoder-ogg-theora: a1e56fd34408186e4bbccfd4996cb3dc -> 
  custom:container-muxer-webm: aa71ff27fc2769a1b78a27578f13a17b -> 
  custom:container-demuxer-webm: 4f35f7cbe854078d1ac9338744f61a02 -> 
  custom:video-encoder-webm-vp8: eb34c28f22e8b96e1ab97ce403110664 -> 
  custom:video-codec-MediaFoundation-h265: 746d11721c4dcdbdad8f713fa42b33f4 -> 
  custom:audio-encoder-webm-vorbis: bf7c407c2cedff20999df2af8eb42d56 -> 
  custom:framework-win-MediaFoundation: 216162199b28c13a410421893ffa2e32 -> 
  custom:SearchIndexIgnoredProperties: e643bd26f0fe6173181afceb89e7c659 -> 
  custom:container-demuxer-ogg: 62fdf1f143b41e24485cea50d1cbac27 -> 
  custom:video-decoder-webm-vp8: 9c59270c3fd7afecdb556c50c9e8de78 -> 
  custom:audio-decoder-ogg-vorbis: bf7c407c2cedff20999df2af8eb42d56 -> 
========================================================================
Received Import Request.
  Time since last request: 24802.111876 seconds.
  path: Assets/Toon_Level_Kit/Resources/Materials/Back_02.mat
  artifactKey: Guid(85d26eea8807849f6a6621229755467b) Importer(815301076,1909f56bfc062723c751e8b465ee728b)
Start importing Assets/Toon_Level_Kit/Resources/Materials/Back_02.mat using Guid(85d26eea8807849f6a6621229755467b) Importer(815301076,1909f56bfc062723c751e8b465ee728b)  -> (artifact id: '7e1aacbad79e2b9b1965504decf8ac47') in 0.128399 seconds 
========================================================================
Received Import Request.
  Time since last request: 0.000020 seconds.
  path: Assets/Toon_Level_Kit/Resources/Materials/Throne01.mat
  artifactKey: Guid(83d4a7234687143799986983f82a0de9) Importer(815301076,1909f56bfc062723c751e8b465ee728b)
Start importing Assets/Toon_Level_Kit/Resources/Materials/Throne01.mat using Guid(83d4a7234687143799986983f82a0de9) Importer(815301076,1909f56bfc062723c751e8b465ee728b)  -> (artifact id: '469aea12fed8ad17a0b88195324ad5ee') in 0.022445 seconds 
========================================================================
Received Import Request.
  Time since last request: 0.000015 seconds.
  path: Assets/Toon_Level_Kit/Resources/Materials/Steles01.mat
  artifactKey: Guid(8d2ef2c4f216641a1abdc9c61a72be6f) Importer(815301076,1909f56bfc062723c751e8b465ee728b)
Start importing Assets/Toon_Level_Kit/Resources/Materials/Steles01.mat using Guid(8d2ef2c4f216641a1abdc9c61a72be6f) Importer(815301076,1909f56bfc062723c751e8b465ee728b)  -> (artifact id: 'b103bc7e29f785258b9b517699d3cbc5') in 0.013259 seconds 
========================================================================
Received Import Request.
  Time since last request: 0.000014 seconds.
  path: Assets/Toon_Level_Kit/Resources/Materials/Column01.mat
  artifactKey: Guid(82805740579e34b53bf4d43dd39315d7) Importer(815301076,1909f56bfc062723c751e8b465ee728b)
Start importing Assets/Toon_Level_Kit/Resources/Materials/Column01.mat using Guid(82805740579e34b53bf4d43dd39315d7) Importer(815301076,1909f56bfc062723c751e8b465ee728b)  -> (artifact id: '4ca60e0737ab4d4204e7e232ee39c4a8') in 0.017076 seconds 
========================================================================
Received Import Request.
  Time since last request: 0.000018 seconds.
  path: Assets/Toon_Level_Kit/Resources/Materials/Torch01.mat
  artifactKey: Guid(2bea35695fc501c4582c802724aeccb1) Importer(815301076,1909f56bfc062723c751e8b465ee728b)
Start importing Assets/Toon_Level_Kit/Resources/Materials/Torch01.mat using Guid(2bea35695fc501c4582c802724aeccb1) Importer(815301076,1909f56bfc062723c751e8b465ee728b)  -> (artifact id: 'a3025ae31a420ac5eb40bfa36527b344') in 0.033876 seconds 
========================================================================
Received Import Request.
  Time since last request: 0.000030 seconds.
  path: Assets/Toon_Level_Kit/Resources/Materials/Stuff03.mat
  artifactKey: Guid(5108a4d2de0c84342b9f0b20a01ec489) Importer(815301076,1909f56bfc062723c751e8b465ee728b)
Start importing Assets/Toon_Level_Kit/Resources/Materials/Stuff03.mat using Guid(5108a4d2de0c84342b9f0b20a01ec489) Importer(815301076,1909f56bfc062723c751e8b465ee728b)  -> (artifact id: '3f705d1380b5af0ad9036056668cb541') in 0.016445 seconds 
========================================================================
Received Import Request.
  Time since last request: 0.000019 seconds.
  path: Assets/Toon_Level_Kit/Resources/Materials/Grid02.mat
  artifactKey: Guid(c25d7900011ea42f9a8f7c7260574a14) Importer(815301076,1909f56bfc062723c751e8b465ee728b)
Start importing Assets/Toon_Level_Kit/Resources/Materials/Grid02.mat using Guid(c25d7900011ea42f9a8f7c7260574a14) Importer(815301076,1909f56bfc062723c751e8b465ee728b)  -> (artifact id: 'adb99943b199d868439a9fce36f6ecaa') in 0.009202 seconds 
========================================================================
Received Import Request.
  Time since last request: 0.000022 seconds.
  path: Assets/Toon_Level_Kit/Resources/Materials/Stuff02.mat
  artifactKey: Guid(988e4b2b72fddd749b427e8780b308f8) Importer(815301076,1909f56bfc062723c751e8b465ee728b)
Start importing Assets/Toon_Level_Kit/Resources/Materials/Stuff02.mat using Guid(988e4b2b72fddd749b427e8780b308f8) Importer(815301076,1909f56bfc062723c751e8b465ee728b)  -> (artifact id: '77633bf3c5a79f594fcded867db6ea99') in 0.011858 seconds 
========================================================================
Received Import Request.
  Time since last request: 0.000019 seconds.
  path: Assets/Toon_Level_Kit/Resources/Materials/TombStone.mat
  artifactKey: Guid(f84679039c0b249129cdec86ea8489f7) Importer(815301076,1909f56bfc062723c751e8b465ee728b)
Start importing Assets/Toon_Level_Kit/Resources/Materials/TombStone.mat using Guid(f84679039c0b249129cdec86ea8489f7) Importer(815301076,1909f56bfc062723c751e8b465ee728b)  -> (artifact id: '9fa21d2e37295c739ee55500fedcead4') in 0.012550 seconds 
========================================================================
Received Import Request.
  Time since last request: 0.000018 seconds.
  path: Assets/Toon_Level_Kit/Resources/Materials/grd_haze.mat
  artifactKey: Guid(d2e4508b50abd8445abab079ef669418) Importer(815301076,1909f56bfc062723c751e8b465ee728b)
Start importing Assets/Toon_Level_Kit/Resources/Materials/grd_haze.mat using Guid(d2e4508b50abd8445abab079ef669418) Importer(815301076,1909f56bfc062723c751e8b465ee728b)  -> (artifact id: '9c9f9044874b4de585aa63b7b57eee7f') in 0.009450 seconds 
========================================================================
Received Prepare
Registering precompiled user dll's ...
Registered in 0.010417 seconds.
Begin MonoManager ReloadAssembly
Native extension for WindowsStandalone target not found
Refreshing native plugins compatible for Editor in 1.23 ms, found 2 plugins.
Preloading 0 native plugins for Editor in 0.00 ms.
Mono: successfully reloaded assembly
- Completed reload, in  1.254 seconds
Domain Reload Profiling:
	ReloadAssembly (1254ms)
		BeginReloadAssembly (209ms)
			ExecutionOrderSort (0ms)
			DisableScriptedObjects (5ms)
			BackupInstance (0ms)
			ReleaseScriptingObjects (0ms)
			CreateAndSetChildDomain (40ms)
		EndReloadAssembly (923ms)
			LoadAssemblies (154ms)
			RebuildTransferFunctionScriptingTraits (0ms)
			SetupTypeCache (194ms)
			ReleaseScriptCaches (1ms)
			RebuildScriptCaches (52ms)
			SetupLoadedEditorAssemblies (504ms)
				LogAssemblyErrors (0ms)
				InitializePlatformSupportModulesInManaged (14ms)
				SetLoadedEditorAssemblies (1ms)
				RefreshPlugins (1ms)
				BeforeProcessingInitializeOnLoad (101ms)
				ProcessInitializeOnLoadAttributes (267ms)
				ProcessInitializeOnLoadMethodAttributes (100ms)
				AfterProcessingInitializeOnLoad (19ms)
				EditorAssembliesLoaded (0ms)
			ExecutionOrderSort2 (0ms)
			AwakeInstancesAfterBackupRestoration (14ms)
Platform modules already initialized, skipping
Refreshing native plugins compatible for Editor in 1.53 ms, found 2 plugins.
Preloading 0 native plugins for Editor in 0.00 ms.
Unloading 2200 Unused Serialized files (Serialized files now loaded: 0)
Unloading 52 unused Assets / (25.8 KB). Loaded Objects now: 2718.
Memory consumption went from 106.6 MB to 106.6 MB.
Total: 10.116000 ms (FindLiveObjects: 0.526600 ms CreateObjectMapping: 0.128100 ms MarkObjects: 9.413300 ms  DeleteObjects: 0.046600 ms)

AssetImportParameters requested are different than current active one (requested -> active):
  custom:video-decoder-ogg-theora: a1e56fd34408186e4bbccfd4996cb3dc -> 
  custom:container-muxer-webm: aa71ff27fc2769a1b78a27578f13a17b -> 
  custom:container-demuxer-webm: 4f35f7cbe854078d1ac9338744f61a02 -> 
  custom:video-encoder-webm-vp8: eb34c28f22e8b96e1ab97ce403110664 -> 
  custom:video-codec-MediaFoundation-h265: 746d11721c4dcdbdad8f713fa42b33f4 -> 
  custom:audio-encoder-webm-vorbis: bf7c407c2cedff20999df2af8eb42d56 -> 
  custom:framework-win-MediaFoundation: 216162199b28c13a410421893ffa2e32 -> 
  custom:SearchIndexIgnoredProperties: e643bd26f0fe6173181afceb89e7c659 -> 
  custom:container-demuxer-ogg: 62fdf1f143b41e24485cea50d1cbac27 -> 
  custom:video-decoder-webm-vp8: 9c59270c3fd7afecdb556c50c9e8de78 -> 
  custom:audio-decoder-ogg-vorbis: bf7c407c2cedff20999df2af8eb42d56 -> 
Editor requested this worker to shutdown with reason: Scaling down because of idle timeout
AssetImportWorker is now disconnected from the server
Process exiting
Exiting without the bug reporter. Application will terminate with return code 0