Using pre-set license
Built from '2021.2/staging' branch; Version is '2021.2.6f1 (8c4e826ba445) revision 9195138'; Using compiler version '192829333'; Build Type 'Release'
OS: 'Windows 10  (10.0.19042) 64bit CoreCountrySpecific' Language: 'zh' Physical Memory: 8043 MB
BatchMode: 1, IsHumanControllingUs: 0, StartBugReporterOnCrash: 0, Is64bit: 1, IsPro: 0

COMMAND LINE ARGUMENTS:
C:\Program Files\Unity\Hub\Editor\2021.2.6f1\Editor\Unity.exe
-adb2
-batchMode
-noUpm
-name
AssetImportWorker0
-projectPath
C:/Users/WeiKe/Desktop/DreamOfSpeed/2021/MonsterHunter
-logFile
Logs/AssetImportWorker0.log
-srvPort
56779
Successfully changed project path to: C:/Users/WeiKe/Desktop/DreamOfSpeed/2021/MonsterHunter
C:/Users/WeiKe/Desktop/DreamOfSpeed/2021/MonsterHunter
[UnityMemory] Configuration Parameters - Can be set up in boot.config
    "memorysetup-bucket-allocator-granularity=16"
    "memorysetup-bucket-allocator-bucket-count=8"
    "memorysetup-bucket-allocator-block-size=33554432"
    "memorysetup-bucket-allocator-block-count=8"
    "memorysetup-main-allocator-block-size=16777216"
    "memorysetup-thread-allocator-block-size=16777216"
    "memorysetup-gfx-main-allocator-block-size=16777216"
    "memorysetup-gfx-thread-allocator-block-size=16777216"
    "memorysetup-cache-allocator-block-size=4194304"
    "memorysetup-typetree-allocator-block-size=2097152"
    "memorysetup-profiler-bucket-allocator-granularity=16"
    "memorysetup-profiler-bucket-allocator-bucket-count=8"
    "memorysetup-profiler-bucket-allocator-block-size=33554432"
    "memorysetup-profiler-bucket-allocator-block-count=8"
    "memorysetup-profiler-allocator-block-size=16777216"
    "memorysetup-profiler-editor-allocator-block-size=1048576"
    "memorysetup-temp-allocator-size-main=16777216"
    "memorysetup-job-temp-allocator-block-size=2097152"
    "memorysetup-job-temp-allocator-block-size-background=1048576"
    "memorysetup-job-temp-allocator-reduction-small-platforms=262144"
    "memorysetup-temp-allocator-size-background-worker=32768"
    "memorysetup-temp-allocator-size-job-worker=262144"
    "memorysetup-temp-allocator-size-preload-manager=33554432"
    "memorysetup-temp-allocator-size-nav-mesh-worker=65536"
    "memorysetup-temp-allocator-size-audio-worker=65536"
    "memorysetup-temp-allocator-size-cloud-worker=32768"
    "memorysetup-temp-allocator-size-gi-baking-worker=262144"
    "memorysetup-temp-allocator-size-gfx=262144"
Refreshing native plugins compatible for Editor in 71.81 ms, found 3 plugins.
Preloading 0 native plugins for Editor in 0.00 ms.
Initialize engine version: 2021.2.6f1 (8c4e826ba445)
[Subsystems] Discovering subsystems at path C:/Program Files/Unity/Hub/Editor/2021.2.6f1/Editor/Data/Resources/UnitySubsystems
[Subsystems] Discovering subsystems at path C:/Users/WeiKe/Desktop/DreamOfSpeed/2021/MonsterHunter/Assets
GfxDevice: creating device client; threaded=0; jobified=0
Direct3D:
    Version:  Direct3D 11.0 [level 11.1]
    Renderer: NVIDIA GeForce GTX 1650 (ID=0x1f91)
    Vendor:   NVIDIA
    VRAM:     3964 MB
    Driver:   27.21.14.6259
Initialize mono
Mono path[0] = 'C:/Program Files/Unity/Hub/Editor/2021.2.6f1/Editor/Data/Managed'
Mono path[1] = 'C:/Program Files/Unity/Hub/Editor/2021.2.6f1/Editor/Data/MonoBleedingEdge/lib/mono/unityjit-win32'
Mono config path = 'C:/Program Files/Unity/Hub/Editor/2021.2.6f1/Editor/Data/MonoBleedingEdge/etc'
Using monoOptions --debugger-agent=transport=dt_socket,embedding=1,server=y,suspend=n,address=127.0.0.1:56956
Begin MonoManager ReloadAssembly
Registering precompiled unity dll's ...
Register platform support module: C:/Program Files/Unity/Hub/Editor/2021.2.6f1/Editor/Data/PlaybackEngines/WindowsStandaloneSupport/UnityEditor.WindowsStandalone.Extensions.dll
Registered in 0.006984 seconds.
Native extension for WindowsStandalone target not found
Refreshing native plugins compatible for Editor in 83.35 ms, found 3 plugins.
Preloading 0 native plugins for Editor in 0.00 ms.
Mono: successfully reloaded assembly
- Completed reload, in  0.642 seconds
Domain Reload Profiling:
	ReloadAssembly (643ms)
		BeginReloadAssembly (74ms)
			ExecutionOrderSort (0ms)
			DisableScriptedObjects (0ms)
			BackupInstance (0ms)
			ReleaseScriptingObjects (0ms)
			CreateAndSetChildDomain (1ms)
		EndReloadAssembly (486ms)
			LoadAssemblies (72ms)
			RebuildTransferFunctionScriptingTraits (0ms)
			SetupTypeCache (118ms)
			ReleaseScriptCaches (0ms)
			RebuildScriptCaches (28ms)
			SetupLoadedEditorAssemblies (282ms)
				LogAssemblyErrors (0ms)
				InitializePlatformSupportModulesInManaged (15ms)
				SetLoadedEditorAssemblies (0ms)
				RefreshPlugins (83ms)
				BeforeProcessingInitializeOnLoad (2ms)
				ProcessInitializeOnLoadAttributes (137ms)
				ProcessInitializeOnLoadMethodAttributes (44ms)
				AfterProcessingInitializeOnLoad (0ms)
				EditorAssembliesLoaded (0ms)
			ExecutionOrderSort2 (0ms)
			AwakeInstancesAfterBackupRestoration (0ms)
Platform modules already initialized, skipping
Registering precompiled user dll's ...
Registered in 0.007294 seconds.
Begin MonoManager ReloadAssembly
Symbol file LoadedFromMemory doesn't match image C:\Users\WeiKe\Desktop\DreamOfSpeed\2021\MonsterHunter\Library\PackageCache\com.unity.visualscripting@1.7.6\Editor\VisualScripting.Core\Dependencies\YamlDotNet\Unity.VisualScripting.YamlDotNet.dll
Symbol file LoadedFromMemory doesn't match image C:\Users\WeiKe\Desktop\DreamOfSpeed\2021\MonsterHunter\Library\PackageCache\com.unity.visualscripting@1.7.6\Editor\VisualScripting.Core\Dependencies\DotNetZip\Unity.VisualScripting.IonicZip.dll
Native extension for WindowsStandalone target not found
Refreshing native plugins compatible for Editor in 0.55 ms, found 3 plugins.
Preloading 0 native plugins for Editor in 0.00 ms.
Mono: successfully reloaded assembly
- Completed reload, in  1.017 seconds
Domain Reload Profiling:
	ReloadAssembly (1018ms)
		BeginReloadAssembly (118ms)
			ExecutionOrderSort (0ms)
			DisableScriptedObjects (5ms)
			BackupInstance (0ms)
			ReleaseScriptingObjects (0ms)
			CreateAndSetChildDomain (20ms)
		EndReloadAssembly (796ms)
			LoadAssemblies (93ms)
			RebuildTransferFunctionScriptingTraits (0ms)
			SetupTypeCache (282ms)
			ReleaseScriptCaches (1ms)
			RebuildScriptCaches (53ms)
			SetupLoadedEditorAssemblies (339ms)
				LogAssemblyErrors (0ms)
				InitializePlatformSupportModulesInManaged (12ms)
				SetLoadedEditorAssemblies (0ms)
				RefreshPlugins (1ms)
				BeforeProcessingInitializeOnLoad (78ms)
				ProcessInitializeOnLoadAttributes (218ms)
				ProcessInitializeOnLoadMethodAttributes (22ms)
				AfterProcessingInitializeOnLoad (8ms)
				EditorAssembliesLoaded (0ms)
			ExecutionOrderSort2 (0ms)
			AwakeInstancesAfterBackupRestoration (6ms)
Platform modules already initialized, skipping
========================================================================
Worker process is ready to serve import requests
Launched and connected shader compiler UnityShaderCompiler.exe after 0.07 seconds
Refreshing native plugins compatible for Editor in 1.22 ms, found 3 plugins.
Preloading 0 native plugins for Editor in 0.00 ms.
Unloading 3269 Unused Serialized files (Serialized files now loaded: 0)
Unloading 26 unused Assets / (57.1 KB). Loaded Objects now: 3735.
Memory consumption went from 115.6 MB to 115.5 MB.
Total: 13.175700 ms (FindLiveObjects: 0.635900 ms CreateObjectMapping: 0.438800 ms MarkObjects: 11.942400 ms  DeleteObjects: 0.155700 ms)

AssetImportParameters requested are different than current active one (requested -> active):
  custom:video-decoder-ogg-theora: a1e56fd34408186e4bbccfd4996cb3dc -> 
  custom:container-muxer-webm: aa71ff27fc2769a1b78a27578f13a17b -> 
  custom:container-demuxer-webm: 4f35f7cbe854078d1ac9338744f61a02 -> 
  custom:video-encoder-webm-vp8: eb34c28f22e8b96e1ab97ce403110664 -> 
  custom:audio-encoder-webm-vorbis: bf7c407c2cedff20999df2af8eb42d56 -> 
  custom:framework-win-MediaFoundation: 216162199b28c13a410421893ffa2e32 -> 
  custom:container-demuxer-ogg: 62fdf1f143b41e24485cea50d1cbac27 -> 
  custom:video-decoder-webm-vp8: 9c59270c3fd7afecdb556c50c9e8de78 -> 
  custom:audio-decoder-ogg-vorbis: bf7c407c2cedff20999df2af8eb42d56 -> 
========================================================================
Received Import Request.
  Time since last request: 1537.429376 seconds.
  path: Assets/Prefabs/Player.prefab
  artifactKey: Guid(4e5a0d387dc27394b81600988ad0216f) Importer(815301076,1909f56bfc062723c751e8b465ee728b)
Start importing Assets/Prefabs/Player.prefab using Guid(4e5a0d387dc27394b81600988ad0216f) Importer(815301076,1909f56bfc062723c751e8b465ee728b)  -> (artifact id: '039b1c58bc7e29ece5ef646b1a0c9b06') in 0.209403 seconds 
========================================================================
Received Prepare
Registering precompiled user dll's ...
Registered in 0.007699 seconds.
Begin MonoManager ReloadAssembly
Symbol file LoadedFromMemory doesn't match image C:\Users\WeiKe\Desktop\DreamOfSpeed\2021\MonsterHunter\Library\PackageCache\com.unity.visualscripting@1.7.6\Editor\VisualScripting.Core\Dependencies\YamlDotNet\Unity.VisualScripting.YamlDotNet.dll
Symbol file LoadedFromMemory doesn't match image C:\Users\WeiKe\Desktop\DreamOfSpeed\2021\MonsterHunter\Library\PackageCache\com.unity.visualscripting@1.7.6\Editor\VisualScripting.Core\Dependencies\DotNetZip\Unity.VisualScripting.IonicZip.dll
Native extension for WindowsStandalone target not found
Refreshing native plugins compatible for Editor in 1.32 ms, found 3 plugins.
Preloading 0 native plugins for Editor in 0.00 ms.
Mono: successfully reloaded assembly
- Completed reload, in  1.314 seconds
Domain Reload Profiling:
	ReloadAssembly (1315ms)
		BeginReloadAssembly (173ms)
			ExecutionOrderSort (0ms)
			DisableScriptedObjects (5ms)
			BackupInstance (0ms)
			ReleaseScriptingObjects (0ms)
			CreateAndSetChildDomain (42ms)
		EndReloadAssembly (1041ms)
			LoadAssemblies (94ms)
			RebuildTransferFunctionScriptingTraits (0ms)
			SetupTypeCache (278ms)
			ReleaseScriptCaches (2ms)
			RebuildScriptCaches (72ms)
			SetupLoadedEditorAssemblies (507ms)
				LogAssemblyErrors (0ms)
				InitializePlatformSupportModulesInManaged (21ms)
				SetLoadedEditorAssemblies (1ms)
				RefreshPlugins (1ms)
				BeforeProcessingInitializeOnLoad (115ms)
				ProcessInitializeOnLoadAttributes (317ms)
				ProcessInitializeOnLoadMethodAttributes (39ms)
				AfterProcessingInitializeOnLoad (13ms)
				EditorAssembliesLoaded (0ms)
			ExecutionOrderSort2 (0ms)
			AwakeInstancesAfterBackupRestoration (10ms)
Platform modules already initialized, skipping
Refreshing native plugins compatible for Editor in 1.04 ms, found 3 plugins.
Preloading 0 native plugins for Editor in 0.00 ms.
Unloading 3258 Unused Serialized files (Serialized files now loaded: 0)
Unloading 22 unused Assets / (24.7 KB). Loaded Objects now: 3744.
Memory consumption went from 131.1 MB to 131.1 MB.
Total: 3.725700 ms (FindLiveObjects: 0.443500 ms CreateObjectMapping: 0.265600 ms MarkObjects: 2.979600 ms  DeleteObjects: 0.035700 ms)

AssetImportParameters requested are different than current active one (requested -> active):
  custom:video-decoder-ogg-theora: a1e56fd34408186e4bbccfd4996cb3dc -> 
  custom:container-muxer-webm: aa71ff27fc2769a1b78a27578f13a17b -> 
  custom:container-demuxer-webm: 4f35f7cbe854078d1ac9338744f61a02 -> 
  custom:video-encoder-webm-vp8: eb34c28f22e8b96e1ab97ce403110664 -> 
  custom:audio-encoder-webm-vorbis: bf7c407c2cedff20999df2af8eb42d56 -> 
  custom:framework-win-MediaFoundation: 216162199b28c13a410421893ffa2e32 -> 
  custom:container-demuxer-ogg: 62fdf1f143b41e24485cea50d1cbac27 -> 
  custom:video-decoder-webm-vp8: 9c59270c3fd7afecdb556c50c9e8de78 -> 
  custom:audio-decoder-ogg-vorbis: bf7c407c2cedff20999df2af8eb42d56 -> 
========================================================================
Received Import Request.
  Time since last request: 92.106968 seconds.
  path: Assets/Scripts/Managers
  artifactKey: Guid(48acb2a5b274294449f7db1882af159b) Importer(815301076,1909f56bfc062723c751e8b465ee728b)
Start importing Assets/Scripts/Managers using Guid(48acb2a5b274294449f7db1882af159b) Importer(815301076,1909f56bfc062723c751e8b465ee728b)  -> (artifact id: 'f5be7f6cec7495761de74c57c053fbd9') in 0.017504 seconds 
========================================================================
Received Import Request.
  Time since last request: 0.287167 seconds.
  path: Assets/Scripts/Login
  artifactKey: Guid(5873a11de2d198444bd069e98cfa67d0) Importer(815301076,1909f56bfc062723c751e8b465ee728b)
Start importing Assets/Scripts/Login using Guid(5873a11de2d198444bd069e98cfa67d0) Importer(815301076,1909f56bfc062723c751e8b465ee728b)  -> (artifact id: '178a9a261ce517b6ec75af97b94d6bf0') in 0.011689 seconds 
========================================================================
Received Import Request.
  Time since last request: 0.360919 seconds.
  path: Assets/Scripts/Helpers
  artifactKey: Guid(de9686f91663456469ad39559654c72c) Importer(815301076,1909f56bfc062723c751e8b465ee728b)
Start importing Assets/Scripts/Helpers using Guid(de9686f91663456469ad39559654c72c) Importer(815301076,1909f56bfc062723c751e8b465ee728b)  -> (artifact id: '94c6c07ea120dd4971e6aca8c4a586ac') in 0.012613 seconds 
========================================================================
Received Import Request.
  Time since last request: 0.358928 seconds.
  path: Assets/Scripts/Extensions
  artifactKey: Guid(c0a07f46f780fb949932da1cdadc314f) Importer(815301076,1909f56bfc062723c751e8b465ee728b)
Start importing Assets/Scripts/Extensions using Guid(c0a07f46f780fb949932da1cdadc314f) Importer(815301076,1909f56bfc062723c751e8b465ee728b)  -> (artifact id: '785af7d500891dcb2b1a4d05634a6236') in 0.010651 seconds 
========================================================================
Received Import Request.
  Time since last request: 0.367936 seconds.
  path: Assets/Scripts/Entities
  artifactKey: Guid(72bda94ddbce9694881f40e738120e2c) Importer(815301076,1909f56bfc062723c751e8b465ee728b)
Start importing Assets/Scripts/Entities using Guid(72bda94ddbce9694881f40e738120e2c) Importer(815301076,1909f56bfc062723c751e8b465ee728b)  -> (artifact id: 'ee2ef13433b2ff7468e8a04e61a5a63a') in 0.014959 seconds 
========================================================================
Received Import Request.
  Time since last request: 3.338626 seconds.
  path: Assets/Scripts/Missile
  artifactKey: Guid(6667c2ca744efa34d94dfaa3ce62d4f3) Importer(815301076,1909f56bfc062723c751e8b465ee728b)
Start importing Assets/Scripts/Missile using Guid(6667c2ca744efa34d94dfaa3ce62d4f3) Importer(815301076,1909f56bfc062723c751e8b465ee728b)  -> (artifact id: '1b76a589e2ed81820458a32199e26ae2') in 0.010855 seconds 
========================================================================
Received Import Request.
  Time since last request: 2.802496 seconds.
  path: Assets/Scripts/Player/PlayerInput.cs
  artifactKey: Guid(cbdd555bbe9121744af9fca05260fe41) Importer(815301076,1909f56bfc062723c751e8b465ee728b)
Start importing Assets/Scripts/Player/PlayerInput.cs using Guid(cbdd555bbe9121744af9fca05260fe41) Importer(815301076,1909f56bfc062723c751e8b465ee728b)  -> (artifact id: 'b246a207939a1991557c23a15c5d68e3') in 0.013607 seconds 
========================================================================
Received Import Request.
  Time since last request: 0.713589 seconds.
  path: Assets/Scripts/Player/PlayerHealth.cs
  artifactKey: Guid(544f2064df03e95419b4a5147c506b08) Importer(815301076,1909f56bfc062723c751e8b465ee728b)
Start importing Assets/Scripts/Player/PlayerHealth.cs using Guid(544f2064df03e95419b4a5147c506b08) Importer(815301076,1909f56bfc062723c751e8b465ee728b)  -> (artifact id: '1f05a25db6d06ce205a6e7954ec638cb') in 0.007886 seconds 
========================================================================
Received Prepare
Registering precompiled user dll's ...
Registered in 0.006760 seconds.
Begin MonoManager ReloadAssembly
Symbol file LoadedFromMemory doesn't match image C:\Users\WeiKe\Desktop\DreamOfSpeed\2021\MonsterHunter\Library\PackageCache\com.unity.visualscripting@1.7.6\Editor\VisualScripting.Core\Dependencies\YamlDotNet\Unity.VisualScripting.YamlDotNet.dll
Symbol file LoadedFromMemory doesn't match image C:\Users\WeiKe\Desktop\DreamOfSpeed\2021\MonsterHunter\Library\PackageCache\com.unity.visualscripting@1.7.6\Editor\VisualScripting.Core\Dependencies\DotNetZip\Unity.VisualScripting.IonicZip.dll
Native extension for WindowsStandalone target not found
Refreshing native plugins compatible for Editor in 0.60 ms, found 3 plugins.
Preloading 0 native plugins for Editor in 0.00 ms.
Mono: successfully reloaded assembly
- Completed reload, in  1.068 seconds
Domain Reload Profiling:
	ReloadAssembly (1068ms)
		BeginReloadAssembly (167ms)
			ExecutionOrderSort (0ms)
			DisableScriptedObjects (6ms)
			BackupInstance (0ms)
			ReleaseScriptingObjects (0ms)
			CreateAndSetChildDomain (44ms)
		EndReloadAssembly (800ms)
			LoadAssemblies (99ms)
			RebuildTransferFunctionScriptingTraits (0ms)
			SetupTypeCache (363ms)
			ReleaseScriptCaches (1ms)
			RebuildScriptCaches (37ms)
			SetupLoadedEditorAssemblies (279ms)
				LogAssemblyErrors (0ms)
				InitializePlatformSupportModulesInManaged (12ms)
				SetLoadedEditorAssemblies (0ms)
				RefreshPlugins (1ms)
				BeforeProcessingInitializeOnLoad (61ms)
				ProcessInitializeOnLoadAttributes (174ms)
				ProcessInitializeOnLoadMethodAttributes (21ms)
				AfterProcessingInitializeOnLoad (9ms)
				EditorAssembliesLoaded (0ms)
			ExecutionOrderSort2 (0ms)
			AwakeInstancesAfterBackupRestoration (6ms)
Platform modules already initialized, skipping
Refreshing native plugins compatible for Editor in 0.59 ms, found 3 plugins.
Preloading 0 native plugins for Editor in 0.00 ms.
Unloading 3258 Unused Serialized files (Serialized files now loaded: 0)
Unloading 21 unused Assets / (24.6 KB). Loaded Objects now: 3746.
Memory consumption went from 131.1 MB to 131.1 MB.
Total: 3.150000 ms (FindLiveObjects: 0.372600 ms CreateObjectMapping: 0.199400 ms MarkObjects: 2.540200 ms  DeleteObjects: 0.036800 ms)

AssetImportParameters requested are different than current active one (requested -> active):
  custom:video-decoder-ogg-theora: a1e56fd34408186e4bbccfd4996cb3dc -> 
  custom:container-muxer-webm: aa71ff27fc2769a1b78a27578f13a17b -> 
  custom:container-demuxer-webm: 4f35f7cbe854078d1ac9338744f61a02 -> 
  custom:video-encoder-webm-vp8: eb34c28f22e8b96e1ab97ce403110664 -> 
  custom:audio-encoder-webm-vorbis: bf7c407c2cedff20999df2af8eb42d56 -> 
  custom:framework-win-MediaFoundation: 216162199b28c13a410421893ffa2e32 -> 
  custom:container-demuxer-ogg: 62fdf1f143b41e24485cea50d1cbac27 -> 
  custom:video-decoder-webm-vp8: 9c59270c3fd7afecdb556c50c9e8de78 -> 
  custom:audio-decoder-ogg-vorbis: bf7c407c2cedff20999df2af8eb42d56 -> 
========================================================================
Received Prepare
Registering precompiled user dll's ...
Registered in 0.007207 seconds.
Begin MonoManager ReloadAssembly
Symbol file LoadedFromMemory doesn't match image C:\Users\WeiKe\Desktop\DreamOfSpeed\2021\MonsterHunter\Library\PackageCache\com.unity.visualscripting@1.7.6\Editor\VisualScripting.Core\Dependencies\YamlDotNet\Unity.VisualScripting.YamlDotNet.dll
Symbol file LoadedFromMemory doesn't match image C:\Users\WeiKe\Desktop\DreamOfSpeed\2021\MonsterHunter\Library\PackageCache\com.unity.visualscripting@1.7.6\Editor\VisualScripting.Core\Dependencies\DotNetZip\Unity.VisualScripting.IonicZip.dll
Native extension for WindowsStandalone target not found
Refreshing native plugins compatible for Editor in 2.01 ms, found 3 plugins.
Preloading 0 native plugins for Editor in 0.00 ms.
Mono: successfully reloaded assembly
- Completed reload, in  1.188 seconds
Domain Reload Profiling:
	ReloadAssembly (1190ms)
		BeginReloadAssembly (147ms)
			ExecutionOrderSort (0ms)
			DisableScriptedObjects (8ms)
			BackupInstance (0ms)
			ReleaseScriptingObjects (0ms)
			CreateAndSetChildDomain (32ms)
		EndReloadAssembly (939ms)
			LoadAssemblies (89ms)
			RebuildTransferFunctionScriptingTraits (0ms)
			SetupTypeCache (268ms)
			ReleaseScriptCaches (2ms)
			RebuildScriptCaches (45ms)
			SetupLoadedEditorAssemblies (464ms)
				LogAssemblyErrors (0ms)
				InitializePlatformSupportModulesInManaged (19ms)
				SetLoadedEditorAssemblies (1ms)
				RefreshPlugins (2ms)
				BeforeProcessingInitializeOnLoad (103ms)
				ProcessInitializeOnLoadAttributes (296ms)
				ProcessInitializeOnLoadMethodAttributes (30ms)
				AfterProcessingInitializeOnLoad (12ms)
				EditorAssembliesLoaded (0ms)
			ExecutionOrderSort2 (0ms)
			AwakeInstancesAfterBackupRestoration (11ms)
Platform modules already initialized, skipping
Refreshing native plugins compatible for Editor in 0.64 ms, found 3 plugins.
Preloading 0 native plugins for Editor in 0.00 ms.
Unloading 3258 Unused Serialized files (Serialized files now loaded: 0)
Unloading 21 unused Assets / (24.6 KB). Loaded Objects now: 3748.
Memory consumption went from 131.1 MB to 131.1 MB.
Total: 3.452800 ms (FindLiveObjects: 0.376300 ms CreateObjectMapping: 0.220100 ms MarkObjects: 2.831000 ms  DeleteObjects: 0.024400 ms)

AssetImportParameters requested are different than current active one (requested -> active):
  custom:video-decoder-ogg-theora: a1e56fd34408186e4bbccfd4996cb3dc -> 
  custom:container-muxer-webm: aa71ff27fc2769a1b78a27578f13a17b -> 
  custom:container-demuxer-webm: 4f35f7cbe854078d1ac9338744f61a02 -> 
  custom:video-encoder-webm-vp8: eb34c28f22e8b96e1ab97ce403110664 -> 
  custom:audio-encoder-webm-vorbis: bf7c407c2cedff20999df2af8eb42d56 -> 
  custom:framework-win-MediaFoundation: 216162199b28c13a410421893ffa2e32 -> 
  custom:container-demuxer-ogg: 62fdf1f143b41e24485cea50d1cbac27 -> 
  custom:video-decoder-webm-vp8: 9c59270c3fd7afecdb556c50c9e8de78 -> 
  custom:audio-decoder-ogg-vorbis: bf7c407c2cedff20999df2af8eb42d56 -> 
========================================================================
Received Import Request.
  Time since last request: 51.847142 seconds.
  path: Assets/Scripts/Enemy/EnemyHealth.cs
  artifactKey: Guid(a9b9d14572410594cb85d40eedfb150c) Importer(815301076,1909f56bfc062723c751e8b465ee728b)
Start importing Assets/Scripts/Enemy/EnemyHealth.cs using Guid(a9b9d14572410594cb85d40eedfb150c) Importer(815301076,1909f56bfc062723c751e8b465ee728b)  -> (artifact id: '3b1dcd157cb06eda006347134c2284c2') in 0.023092 seconds 
========================================================================
Received Import Request.
  Time since last request: 32.621233 seconds.
  path: Assets/Scripts/Server/NetworkHost.cs
  artifactKey: Guid(ab46cb8b79317cd4d903f5447ffbb292) Importer(815301076,1909f56bfc062723c751e8b465ee728b)
Start importing Assets/Scripts/Server/NetworkHost.cs using Guid(ab46cb8b79317cd4d903f5447ffbb292) Importer(815301076,1909f56bfc062723c751e8b465ee728b)  -> (artifact id: '042bb74b3851db325d57499d7635379d') in 0.006180 seconds 
========================================================================
Received Import Request.
  Time since last request: 226.891801 seconds.
  path: Assets/Scripts/Camera/TPCameraController.cs
  artifactKey: Guid(170f1e302171fb34e9036811adbd863c) Importer(815301076,1909f56bfc062723c751e8b465ee728b)
Start importing Assets/Scripts/Camera/TPCameraController.cs using Guid(170f1e302171fb34e9036811adbd863c) Importer(815301076,1909f56bfc062723c751e8b465ee728b)  -> (artifact id: '2f78e2cff67187110063fb0acb35cb8c') in 0.008894 seconds 
========================================================================
Received Import Request.
  Time since last request: 5.365222 seconds.
  path: Assets/Scripts/CursorControl/CursorControl.cs
  artifactKey: Guid(0d75db8d1c3a83b40957223a83d65f4f) Importer(815301076,1909f56bfc062723c751e8b465ee728b)
Start importing Assets/Scripts/CursorControl/CursorControl.cs using Guid(0d75db8d1c3a83b40957223a83d65f4f) Importer(815301076,1909f56bfc062723c751e8b465ee728b)  -> (artifact id: '0dcc99a47f4f5eee9060b8161dfab8a4') in 0.010291 seconds 
========================================================================
Received Import Request.
  Time since last request: 1.489701 seconds.
  path: Assets/Scripts/Enemy/EnemyAttack.cs
  artifactKey: Guid(e15099f5ee559584089d5851df572def) Importer(815301076,1909f56bfc062723c751e8b465ee728b)
Start importing Assets/Scripts/Enemy/EnemyAttack.cs using Guid(e15099f5ee559584089d5851df572def) Importer(815301076,1909f56bfc062723c751e8b465ee728b)  -> (artifact id: 'e95b2ac649c4fe3b72e8d64dee45e45d') in 0.009005 seconds 
========================================================================
Received Import Request.
  Time since last request: 1.000286 seconds.
  path: Assets/Scripts/Enemy/EnemyMovement.cs
  artifactKey: Guid(94f6618a0da65fa45b24d5105d5d8422) Importer(815301076,1909f56bfc062723c751e8b465ee728b)
Start importing Assets/Scripts/Enemy/EnemyMovement.cs using Guid(94f6618a0da65fa45b24d5105d5d8422) Importer(815301076,1909f56bfc062723c751e8b465ee728b)  -> (artifact id: 'd2aac3b123015af85302377827aee3c8') in 0.015541 seconds 
========================================================================
Received Import Request.
  Time since last request: 1.979421 seconds.
  path: Assets/Scripts/Entities/Entity.cs
  artifactKey: Guid(af7ccb85deeddd044a1f4051b6af372c) Importer(815301076,1909f56bfc062723c751e8b465ee728b)
Start importing Assets/Scripts/Entities/Entity.cs using Guid(af7ccb85deeddd044a1f4051b6af372c) Importer(815301076,1909f56bfc062723c751e8b465ee728b)  -> (artifact id: '899db2ee158b1201e27018b75394714e') in 0.005904 seconds 
========================================================================
Received Import Request.
  Time since last request: 2.706372 seconds.
  path: Assets/Scripts/Helpers/RandomAnimationPoint.cs
  artifactKey: Guid(de4cc967c8e16fa4cb37cebf3eb501c6) Importer(815301076,1909f56bfc062723c751e8b465ee728b)
Start importing Assets/Scripts/Helpers/RandomAnimationPoint.cs using Guid(de4cc967c8e16fa4cb37cebf3eb501c6) Importer(815301076,1909f56bfc062723c751e8b465ee728b)  -> (artifact id: '71513dcf980acbb2ee4a21e7892a8dc0') in 0.009138 seconds 
========================================================================
Received Import Request.
  Time since last request: 1.379444 seconds.
  path: Assets/Scripts/Helpers/RandomParticlePoint.cs
  artifactKey: Guid(9e29d72814f12624f9c2a9d1b98d6fcf) Importer(815301076,1909f56bfc062723c751e8b465ee728b)
Start importing Assets/Scripts/Helpers/RandomParticlePoint.cs using Guid(9e29d72814f12624f9c2a9d1b98d6fcf) Importer(815301076,1909f56bfc062723c751e8b465ee728b)  -> (artifact id: 'a8cc9de57872b951b1550867417b5d25') in 0.010308 seconds 
========================================================================
Received Import Request.
  Time since last request: 2.496857 seconds.
  path: Assets/Scripts/Login/UserLogin.cs
  artifactKey: Guid(3b0c6a14e2d71eb488b218bd6d18e86d) Importer(815301076,1909f56bfc062723c751e8b465ee728b)
Start importing Assets/Scripts/Login/UserLogin.cs using Guid(3b0c6a14e2d71eb488b218bd6d18e86d) Importer(815301076,1909f56bfc062723c751e8b465ee728b)  -> (artifact id: 'af0fad1ba6419356912af9ba970bea8f') in 0.009603 seconds 
========================================================================
Received Import Request.
  Time since last request: 4.934949 seconds.
  path: Assets/Scripts/Managers/EnemyManager.cs
  artifactKey: Guid(76a99222b1e4a384e923ac7e86efc709) Importer(815301076,1909f56bfc062723c751e8b465ee728b)
Start importing Assets/Scripts/Managers/EnemyManager.cs using Guid(76a99222b1e4a384e923ac7e86efc709) Importer(815301076,1909f56bfc062723c751e8b465ee728b)  -> (artifact id: '4df9689c735ca4766448226014718d75') in 0.013788 seconds 
========================================================================
Received Import Request.
  Time since last request: 0.929472 seconds.
  path: Assets/Scripts/Managers/GameOverManager.cs
  artifactKey: Guid(d9c9e0011c2ed97428a4efc03b455359) Importer(815301076,1909f56bfc062723c751e8b465ee728b)
Start importing Assets/Scripts/Managers/GameOverManager.cs using Guid(d9c9e0011c2ed97428a4efc03b455359) Importer(815301076,1909f56bfc062723c751e8b465ee728b)  -> (artifact id: '854d885e83a641057799e15a7fb8b799') in 0.015364 seconds 
========================================================================
Received Import Request.
  Time since last request: 3.890767 seconds.
  path: Assets/Scripts/Managers/ScoreManager.cs
  artifactKey: Guid(86e378bc199fbd343bceabbd3a16d73e) Importer(815301076,1909f56bfc062723c751e8b465ee728b)
Start importing Assets/Scripts/Managers/ScoreManager.cs using Guid(86e378bc199fbd343bceabbd3a16d73e) Importer(815301076,1909f56bfc062723c751e8b465ee728b)  -> (artifact id: 'f5b18209a2db6f70cbff5ed904f378df') in 0.008198 seconds 
========================================================================
Received Import Request.
  Time since last request: 2.103763 seconds.
  path: Assets/Scripts/Managers/TPSGameManager.cs
  artifactKey: Guid(f92cb3c06ae303743a7ddb59984e978a) Importer(815301076,1909f56bfc062723c751e8b465ee728b)
Start importing Assets/Scripts/Managers/TPSGameManager.cs using Guid(f92cb3c06ae303743a7ddb59984e978a) Importer(815301076,1909f56bfc062723c751e8b465ee728b)  -> (artifact id: '9b510d41bcdc550cc08ec0b4f9a25d14') in 0.007245 seconds 
========================================================================
Received Import Request.
  Time since last request: 60.684719 seconds.
  path: Assets/Scripts/Message/ServerMsg.cs
  artifactKey: Guid(eb9f6c1e9c7066341a5cd4413f3c7c15) Importer(815301076,1909f56bfc062723c751e8b465ee728b)
Start importing Assets/Scripts/Message/ServerMsg.cs using Guid(eb9f6c1e9c7066341a5cd4413f3c7c15) Importer(815301076,1909f56bfc062723c751e8b465ee728b)  -> (artifact id: '0c7ce44476734328db0fb54bcaad760e') in 0.011872 seconds 
========================================================================
Received Import Request.
  Time since last request: 0.741367 seconds.
  path: Assets/Scripts/Message/MessageHandler.cs
  artifactKey: Guid(4ef91e045c1da554bbda5923889e5c7f) Importer(815301076,1909f56bfc062723c751e8b465ee728b)
Start importing Assets/Scripts/Message/MessageHandler.cs using Guid(4ef91e045c1da554bbda5923889e5c7f) Importer(815301076,1909f56bfc062723c751e8b465ee728b)  -> (artifact id: '40a53d7d8f8f712d83034b1133164015') in 0.009966 seconds 
