Using pre-set license
Built from '2021.2/staging' branch; Version is '2021.2.6f1 (8c4e826ba445) revision 9195138'; Using compiler version '192829333'; Build Type 'Release'
OS: 'Windows 10  (10.0.19042) 64bit CoreCountrySpecific' Language: 'zh' Physical Memory: 8043 MB
BatchMode: 1, IsHumanControllingUs: 0, StartBugReporterOnCrash: 0, Is64bit: 1, IsPro: 0

COMMAND LINE ARGUMENTS:
C:\Program Files\Unity\Hub\Editor\2021.2.6f1\Editor\Unity.exe
-adb2
-batchMode
-noUpm
-name
AssetImportWorker0
-projectPath
C:/Users/WeiKe/Desktop/DreamOfSpeed/code/TPS SLG Game
-logFile
Logs/AssetImportWorker0.log
-srvPort
62345
Successfully changed project path to: C:/Users/WeiKe/Desktop/DreamOfSpeed/code/TPS SLG Game
C:/Users/WeiKe/Desktop/DreamOfSpeed/code/TPS SLG Game
[UnityMemory] Configuration Parameters - Can be set up in boot.config
    "memorysetup-bucket-allocator-granularity=16"
    "memorysetup-bucket-allocator-bucket-count=8"
    "memorysetup-bucket-allocator-block-size=33554432"
    "memorysetup-bucket-allocator-block-count=8"
    "memorysetup-main-allocator-block-size=16777216"
    "memorysetup-thread-allocator-block-size=16777216"
    "memorysetup-gfx-main-allocator-block-size=16777216"
    "memorysetup-gfx-thread-allocator-block-size=16777216"
    "memorysetup-cache-allocator-block-size=4194304"
    "memorysetup-typetree-allocator-block-size=2097152"
    "memorysetup-profiler-bucket-allocator-granularity=16"
    "memorysetup-profiler-bucket-allocator-bucket-count=8"
    "memorysetup-profiler-bucket-allocator-block-size=33554432"
    "memorysetup-profiler-bucket-allocator-block-count=8"
    "memorysetup-profiler-allocator-block-size=16777216"
    "memorysetup-profiler-editor-allocator-block-size=1048576"
    "memorysetup-temp-allocator-size-main=16777216"
    "memorysetup-job-temp-allocator-block-size=2097152"
    "memorysetup-job-temp-allocator-block-size-background=1048576"
    "memorysetup-job-temp-allocator-reduction-small-platforms=262144"
    "memorysetup-temp-allocator-size-background-worker=32768"
    "memorysetup-temp-allocator-size-job-worker=262144"
    "memorysetup-temp-allocator-size-preload-manager=33554432"
    "memorysetup-temp-allocator-size-nav-mesh-worker=65536"
    "memorysetup-temp-allocator-size-audio-worker=65536"
    "memorysetup-temp-allocator-size-cloud-worker=32768"
    "memorysetup-temp-allocator-size-gi-baking-worker=262144"
    "memorysetup-temp-allocator-size-gfx=262144"
Refreshing native plugins compatible for Editor in 67.13 ms, found 2 plugins.
Preloading 0 native plugins for Editor in 0.00 ms.
Initialize engine version: 2021.2.6f1 (8c4e826ba445)
[Subsystems] Discovering subsystems at path C:/Program Files/Unity/Hub/Editor/2021.2.6f1/Editor/Data/Resources/UnitySubsystems
[Subsystems] Discovering subsystems at path C:/Users/WeiKe/Desktop/DreamOfSpeed/code/TPS SLG Game/Assets
GfxDevice: creating device client; threaded=0; jobified=0
Direct3D:
    Version:  Direct3D 11.0 [level 11.1]
    Renderer: NVIDIA GeForce GTX 1650 (ID=0x1f91)
    Vendor:   NVIDIA
    VRAM:     3964 MB
    Driver:   27.21.14.6259
Initialize mono
Mono path[0] = 'C:/Program Files/Unity/Hub/Editor/2021.2.6f1/Editor/Data/Managed'
Mono path[1] = 'C:/Program Files/Unity/Hub/Editor/2021.2.6f1/Editor/Data/MonoBleedingEdge/lib/mono/unityjit-win32'
Mono config path = 'C:/Program Files/Unity/Hub/Editor/2021.2.6f1/Editor/Data/MonoBleedingEdge/etc'
Using monoOptions --debugger-agent=transport=dt_socket,embedding=1,server=y,suspend=n,address=127.0.0.1:56100
Begin MonoManager ReloadAssembly
Registering precompiled unity dll's ...
Register platform support module: C:/Program Files/Unity/Hub/Editor/2021.2.6f1/Editor/Data/PlaybackEngines/WindowsStandaloneSupport/UnityEditor.WindowsStandalone.Extensions.dll
Registered in 0.010823 seconds.
Native extension for WindowsStandalone target not found
Refreshing native plugins compatible for Editor in 46.41 ms, found 2 plugins.
Preloading 0 native plugins for Editor in 0.00 ms.
Mono: successfully reloaded assembly
- Completed reload, in  0.656 seconds
Domain Reload Profiling:
	ReloadAssembly (657ms)
		BeginReloadAssembly (127ms)
			ExecutionOrderSort (0ms)
			DisableScriptedObjects (0ms)
			BackupInstance (0ms)
			ReleaseScriptingObjects (0ms)
			CreateAndSetChildDomain (1ms)
		EndReloadAssembly (441ms)
			LoadAssemblies (124ms)
			RebuildTransferFunctionScriptingTraits (0ms)
			SetupTypeCache (108ms)
			ReleaseScriptCaches (0ms)
			RebuildScriptCaches (32ms)
			SetupLoadedEditorAssemblies (239ms)
				LogAssemblyErrors (0ms)
				InitializePlatformSupportModulesInManaged (16ms)
				SetLoadedEditorAssemblies (0ms)
				RefreshPlugins (46ms)
				BeforeProcessingInitializeOnLoad (1ms)
				ProcessInitializeOnLoadAttributes (126ms)
				ProcessInitializeOnLoadMethodAttributes (49ms)
				AfterProcessingInitializeOnLoad (0ms)
				EditorAssembliesLoaded (0ms)
			ExecutionOrderSort2 (0ms)
			AwakeInstancesAfterBackupRestoration (0ms)
Platform modules already initialized, skipping
Registering precompiled user dll's ...
Registered in 0.016730 seconds.
Begin MonoManager ReloadAssembly
Native extension for WindowsStandalone target not found
Refreshing native plugins compatible for Editor in 0.87 ms, found 2 plugins.
Preloading 0 native plugins for Editor in 0.00 ms.
Mono: successfully reloaded assembly
- Completed reload, in  0.765 seconds
Domain Reload Profiling:
	ReloadAssembly (766ms)
		BeginReloadAssembly (120ms)
			ExecutionOrderSort (0ms)
			DisableScriptedObjects (6ms)
			BackupInstance (0ms)
			ReleaseScriptingObjects (0ms)
			CreateAndSetChildDomain (20ms)
		EndReloadAssembly (533ms)
			LoadAssemblies (82ms)
			RebuildTransferFunctionScriptingTraits (0ms)
			SetupTypeCache (160ms)
			ReleaseScriptCaches (0ms)
			RebuildScriptCaches (27ms)
			SetupLoadedEditorAssemblies (228ms)
				LogAssemblyErrors (0ms)
				InitializePlatformSupportModulesInManaged (15ms)
				SetLoadedEditorAssemblies (1ms)
				RefreshPlugins (1ms)
				BeforeProcessingInitializeOnLoad (76ms)
				ProcessInitializeOnLoadAttributes (108ms)
				ProcessInitializeOnLoadMethodAttributes (19ms)
				AfterProcessingInitializeOnLoad (9ms)
				EditorAssembliesLoaded (0ms)
			ExecutionOrderSort2 (0ms)
			AwakeInstancesAfterBackupRestoration (7ms)
Platform modules already initialized, skipping
========================================================================
Worker process is ready to serve import requests
Launched and connected shader compiler UnityShaderCompiler.exe after 0.11 seconds
Refreshing native plugins compatible for Editor in 0.94 ms, found 2 plugins.
Preloading 0 native plugins for Editor in 0.00 ms.
Unloading 2210 Unused Serialized files (Serialized files now loaded: 0)
Unloading 52 unused Assets / (57.3 KB). Loaded Objects now: 2634.
Memory consumption went from 87.4 MB to 87.3 MB.
Total: 3.580800 ms (FindLiveObjects: 0.335900 ms CreateObjectMapping: 0.150100 ms MarkObjects: 2.968000 ms  DeleteObjects: 0.125300 ms)

AssetImportParameters requested are different than current active one (requested -> active):
  custom:video-decoder-ogg-theora: a1e56fd34408186e4bbccfd4996cb3dc -> 
  custom:container-muxer-webm: aa71ff27fc2769a1b78a27578f13a17b -> 
  custom:container-demuxer-webm: 4f35f7cbe854078d1ac9338744f61a02 -> 
  custom:video-encoder-webm-vp8: eb34c28f22e8b96e1ab97ce403110664 -> 
  custom:audio-encoder-webm-vorbis: bf7c407c2cedff20999df2af8eb42d56 -> 
  custom:framework-win-MediaFoundation: 216162199b28c13a410421893ffa2e32 -> 
  custom:container-demuxer-ogg: 62fdf1f143b41e24485cea50d1cbac27 -> 
  custom:video-decoder-webm-vp8: 9c59270c3fd7afecdb556c50c9e8de78 -> 
  custom:audio-decoder-ogg-vorbis: bf7c407c2cedff20999df2af8eb42d56 -> 
========================================================================
Received Import Request.
  Time since last request: 2112.107294 seconds.
  path: Assets/Readme.asset
  artifactKey: Guid(83c2ed844a8c74b779a4c823d16594b1) Importer(815301076,1909f56bfc062723c751e8b465ee728b)
Start importing Assets/Readme.asset using Guid(83c2ed844a8c74b779a4c823d16594b1) Importer(815301076,1909f56bfc062723c751e8b465ee728b)  -> (artifact id: 'd10c6522de5819e119dcef21f8945a7a') in 0.034193 seconds 
========================================================================
Received Import Request.
  Time since last request: 12.833531 seconds.
  path: Assets/JsonDotNet/Assemblies/Standalone/Newtonsoft.Json.dll
  artifactKey: Guid(17aef65a15b471f468b5fbeb4ff0c6a1) Importer(815301076,1909f56bfc062723c751e8b465ee728b)
Start importing Assets/JsonDotNet/Assemblies/Standalone/Newtonsoft.Json.dll using Guid(17aef65a15b471f468b5fbeb4ff0c6a1) Importer(815301076,1909f56bfc062723c751e8b465ee728b)  -> (artifact id: 'a7673fa9b8c344d17756d7272e21e05d') in 0.012889 seconds 
========================================================================
Received Prepare
Registering precompiled user dll's ...
Registered in 0.008042 seconds.
Begin MonoManager ReloadAssembly
Native extension for WindowsStandalone target not found
Refreshing native plugins compatible for Editor in 0.62 ms, found 2 plugins.
Preloading 0 native plugins for Editor in 0.00 ms.
Package Manager log level set to [2]
Mono: successfully reloaded assembly
- Completed reload, in  1.255 seconds
Domain Reload Profiling:
	ReloadAssembly (1255ms)
		BeginReloadAssembly (159ms)
			ExecutionOrderSort (0ms)
			DisableScriptedObjects (9ms)
			BackupInstance (0ms)
			ReleaseScriptingObjects (0ms)
			CreateAndSetChildDomain (31ms)
		EndReloadAssembly (928ms)
			LoadAssemblies (100ms)
			RebuildTransferFunctionScriptingTraits (0ms)
			SetupTypeCache (296ms)
			ReleaseScriptCaches (0ms)
			RebuildScriptCaches (47ms)
			SetupLoadedEditorAssemblies (454ms)
				LogAssemblyErrors (0ms)
				InitializePlatformSupportModulesInManaged (13ms)
				SetLoadedEditorAssemblies (0ms)
				RefreshPlugins (1ms)
				BeforeProcessingInitializeOnLoad (66ms)
				ProcessInitializeOnLoadAttributes (270ms)
				ProcessInitializeOnLoadMethodAttributes (95ms)
				AfterProcessingInitializeOnLoad (9ms)
				EditorAssembliesLoaded (0ms)
			ExecutionOrderSort2 (0ms)
			AwakeInstancesAfterBackupRestoration (6ms)
Platform modules already initialized, skipping
Refreshing native plugins compatible for Editor in 0.95 ms, found 2 plugins.
Preloading 0 native plugins for Editor in 0.00 ms.
Unloading 2198 Unused Serialized files (Serialized files now loaded: 0)
Unloading 58 unused Assets / (25.6 KB). Loaded Objects now: 2643.
Memory consumption went from 87.5 MB to 87.4 MB.
Total: 6.417200 ms (FindLiveObjects: 0.264900 ms CreateObjectMapping: 0.148300 ms MarkObjects: 5.969600 ms  DeleteObjects: 0.033300 ms)

AssetImportParameters requested are different than current active one (requested -> active):
  custom:video-decoder-ogg-theora: a1e56fd34408186e4bbccfd4996cb3dc -> 
  custom:container-muxer-webm: aa71ff27fc2769a1b78a27578f13a17b -> 
  custom:container-demuxer-webm: 4f35f7cbe854078d1ac9338744f61a02 -> 
  custom:video-encoder-webm-vp8: eb34c28f22e8b96e1ab97ce403110664 -> 
  custom:audio-encoder-webm-vorbis: bf7c407c2cedff20999df2af8eb42d56 -> 
  custom:framework-win-MediaFoundation: 216162199b28c13a410421893ffa2e32 -> 
  custom:container-demuxer-ogg: 62fdf1f143b41e24485cea50d1cbac27 -> 
  custom:video-decoder-webm-vp8: 9c59270c3fd7afecdb556c50c9e8de78 -> 
  custom:audio-decoder-ogg-vorbis: bf7c407c2cedff20999df2af8eb42d56 -> 
========================================================================
Received Prepare
Refreshing native plugins compatible for Editor in 17.21 ms, found 2 plugins.
Preloading 0 native plugins for Editor in 0.00 ms.
Unloading 49 Unused Serialized files (Serialized files now loaded: 0)
Unloading 49 unused Assets / (22.9 KB). Loaded Objects now: 2643.
Memory consumption went from 44.4 MB to 44.4 MB.
Total: 6.966500 ms (FindLiveObjects: 0.390700 ms CreateObjectMapping: 0.223400 ms MarkObjects: 6.323300 ms  DeleteObjects: 0.028000 ms)

AssetImportParameters requested are different than current active one (requested -> active):
  custom:video-decoder-ogg-theora: a1e56fd34408186e4bbccfd4996cb3dc -> 
  custom:container-muxer-webm: aa71ff27fc2769a1b78a27578f13a17b -> 
  custom:container-demuxer-webm: 4f35f7cbe854078d1ac9338744f61a02 -> 
  custom:video-encoder-webm-vp8: eb34c28f22e8b96e1ab97ce403110664 -> 
  custom:audio-encoder-webm-vorbis: bf7c407c2cedff20999df2af8eb42d56 -> 
  custom:framework-win-MediaFoundation: 216162199b28c13a410421893ffa2e32 -> 
  custom:container-demuxer-ogg: 62fdf1f143b41e24485cea50d1cbac27 -> 
  custom:video-decoder-webm-vp8: 9c59270c3fd7afecdb556c50c9e8de78 -> 
  custom:audio-decoder-ogg-vorbis: bf7c407c2cedff20999df2af8eb42d56 -> 
========================================================================
Received Prepare
Refreshing native plugins compatible for Editor in 10.75 ms, found 2 plugins.
Preloading 0 native plugins for Editor in 0.00 ms.
Unloading 49 Unused Serialized files (Serialized files now loaded: 0)
Unloading 49 unused Assets / (22.9 KB). Loaded Objects now: 2643.
Memory consumption went from 44.4 MB to 44.4 MB.
Total: 5.359300 ms (FindLiveObjects: 0.178800 ms CreateObjectMapping: 0.128300 ms MarkObjects: 5.034200 ms  DeleteObjects: 0.017200 ms)

AssetImportParameters requested are different than current active one (requested -> active):
  custom:video-decoder-ogg-theora: a1e56fd34408186e4bbccfd4996cb3dc -> 
  custom:container-muxer-webm: aa71ff27fc2769a1b78a27578f13a17b -> 
  custom:container-demuxer-webm: 4f35f7cbe854078d1ac9338744f61a02 -> 
  custom:video-encoder-webm-vp8: eb34c28f22e8b96e1ab97ce403110664 -> 
  custom:audio-encoder-webm-vorbis: bf7c407c2cedff20999df2af8eb42d56 -> 
  custom:framework-win-MediaFoundation: 216162199b28c13a410421893ffa2e32 -> 
  custom:container-demuxer-ogg: 62fdf1f143b41e24485cea50d1cbac27 -> 
  custom:video-decoder-webm-vp8: 9c59270c3fd7afecdb556c50c9e8de78 -> 
  custom:audio-decoder-ogg-vorbis: bf7c407c2cedff20999df2af8eb42d56 -> 
========================================================================
Received Import Request.
  Time since last request: 228.611639 seconds.
  path: Assets/Materials/ArchesMaterial.mat
  artifactKey: Guid(f47747e933b49fc4d80c4175b842f8a6) Importer(815301076,1909f56bfc062723c751e8b465ee728b)
Start importing Assets/Materials/ArchesMaterial.mat using Guid(f47747e933b49fc4d80c4175b842f8a6) Importer(815301076,1909f56bfc062723c751e8b465ee728b)  -> (artifact id: 'fb1076cccdd78f0b3a08dc6052c160cb') in 0.405046 seconds 
========================================================================
Received Import Request.
  Time since last request: 0.000022 seconds.
  path: Assets/Materials/GunMaterial.mat
  artifactKey: Guid(5afa4a01a731c834d9a62da55c7cfa7c) Importer(815301076,1909f56bfc062723c751e8b465ee728b)
Start importing Assets/Materials/GunMaterial.mat using Guid(5afa4a01a731c834d9a62da55c7cfa7c) Importer(815301076,1909f56bfc062723c751e8b465ee728b)  -> (artifact id: '708424be44526ceb2345df29daf70b53') in 0.316952 seconds 
========================================================================
Received Import Request.
  Time since last request: 0.000056 seconds.
  path: Assets/Materials/DollhouseMaterial.mat
  artifactKey: Guid(c1949f404862a554fa4099c15ef2d2d0) Importer(815301076,1909f56bfc062723c751e8b465ee728b)
Start importing Assets/Materials/DollhouseMaterial.mat using Guid(c1949f404862a554fa4099c15ef2d2d0) Importer(815301076,1909f56bfc062723c751e8b465ee728b)  -> (artifact id: '57b2c470d8fd13bda4ab4b08412cd94e') in 0.234968 seconds 
========================================================================
Received Import Request.
  Time since last request: 0.000046 seconds.
  path: Assets/Materials/FluffParticleMaterial.mat
  artifactKey: Guid(01ffe1f3679a0894087ea5e74106fb93) Importer(815301076,1909f56bfc062723c751e8b465ee728b)
Start importing Assets/Materials/FluffParticleMaterial.mat using Guid(01ffe1f3679a0894087ea5e74106fb93) Importer(815301076,1909f56bfc062723c751e8b465ee728b)  -> (artifact id: '8eedfb1514b290bdd8850c8f69e060a1') in 0.352362 seconds 
========================================================================
Received Import Request.
  Time since last request: 0.000046 seconds.
  path: Assets/Materials/SpinningTopMaterial.mat
  artifactKey: Guid(2cc03082a5ed39b48989495e27eca771) Importer(815301076,1909f56bfc062723c751e8b465ee728b)
Start importing Assets/Materials/SpinningTopMaterial.mat using Guid(2cc03082a5ed39b48989495e27eca771) Importer(815301076,1909f56bfc062723c751e8b465ee728b)  -> (artifact id: '3d64ed62f7275320ddd4cf662b16533b') in 0.035791 seconds 
========================================================================
Received Import Request.
  Time since last request: 0.000034 seconds.
  path: Assets/Materials/DollArmMaterial.mat
  artifactKey: Guid(6e17af88287f0b448a73cc49549a64a7) Importer(815301076,1909f56bfc062723c751e8b465ee728b)
Start importing Assets/Materials/DollArmMaterial.mat using Guid(6e17af88287f0b448a73cc49549a64a7) Importer(815301076,1909f56bfc062723c751e8b465ee728b)  -> (artifact id: 'e0c1ff7bd99bdb38da873db9f70813ab') in 0.034341 seconds 
========================================================================
Received Import Request.
  Time since last request: 0.000046 seconds.
  path: Assets/Materials/DrawersMaterial.mat
  artifactKey: Guid(29bbead13699b2d4f8bb36a42f8952a8) Importer(815301076,1909f56bfc062723c751e8b465ee728b)
Start importing Assets/Materials/DrawersMaterial.mat using Guid(29bbead13699b2d4f8bb36a42f8952a8) Importer(815301076,1909f56bfc062723c751e8b465ee728b)  -> (artifact id: '59cafd075701f664e630b908ca21f067') in 0.031117 seconds 
========================================================================
Received Import Request.
  Time since last request: 0.000065 seconds.
  path: Assets/Materials/LineRenderMaterial.mat
  artifactKey: Guid(007cd3dce0e6539409edcc484011c877) Importer(815301076,1909f56bfc062723c751e8b465ee728b)
Start importing Assets/Materials/LineRenderMaterial.mat using Guid(007cd3dce0e6539409edcc484011c877) Importer(815301076,1909f56bfc062723c751e8b465ee728b)  -> (artifact id: 'f5352e00dfc86c1b9c1864c0882aa70e') in 0.080188 seconds 
========================================================================
Received Import Request.
  Time since last request: 0.000061 seconds.
  path: Assets/Materials/HearseMaterial.mat
  artifactKey: Guid(bb414bb09da597d4c98ebd9d9c7b972c) Importer(815301076,1909f56bfc062723c751e8b465ee728b)
Start importing Assets/Materials/HearseMaterial.mat using Guid(bb414bb09da597d4c98ebd9d9c7b972c) Importer(815301076,1909f56bfc062723c751e8b465ee728b)  -> (artifact id: 'b0f2add4c8e0fdcc647929fcba145e00') in 0.043177 seconds 
========================================================================
Received Import Request.
  Time since last request: 0.000036 seconds.
  path: Assets/Materials/EyesMaterial.mat
  artifactKey: Guid(51d14e0fd3936be48bf8d5031d3e24c7) Importer(815301076,1909f56bfc062723c751e8b465ee728b)
Start importing Assets/Materials/EyesMaterial.mat using Guid(51d14e0fd3936be48bf8d5031d3e24c7) Importer(815301076,1909f56bfc062723c751e8b465ee728b)  -> (artifact id: '41dea5685b9b6a5872fa073f7518c814') in 0.024362 seconds 
========================================================================
Received Import Request.
  Time since last request: 0.000065 seconds.
  path: Assets/Materials/ZombunnyMaterial.mat
  artifactKey: Guid(90309a9ae07af7a4baf27031c594f369) Importer(815301076,1909f56bfc062723c751e8b465ee728b)
Start importing Assets/Materials/ZombunnyMaterial.mat using Guid(90309a9ae07af7a4baf27031c594f369) Importer(815301076,1909f56bfc062723c751e8b465ee728b)  -> (artifact id: '855861dd2ccb8bbc6579c637a05b4a9a') in 0.046304 seconds 
========================================================================
Received Import Request.
  Time since last request: 0.000052 seconds.
  path: Assets/Materials/TrainMaterial.mat
  artifactKey: Guid(0d545cb791fbdf34a8344533f47c4358) Importer(815301076,1909f56bfc062723c751e8b465ee728b)
Start importing Assets/Materials/TrainMaterial.mat using Guid(0d545cb791fbdf34a8344533f47c4358) Importer(815301076,1909f56bfc062723c751e8b465ee728b)  -> (artifact id: '7dd4bdd55b5662a9df1713edb8b78604') in 0.031037 seconds 
========================================================================
Received Import Request.
  Time since last request: 0.000023 seconds.
  path: Assets/Materials/BloxMaterial.mat
  artifactKey: Guid(717d65321c603dd48a9bb1c2622f1e73) Importer(815301076,1909f56bfc062723c751e8b465ee728b)
Start importing Assets/Materials/BloxMaterial.mat using Guid(717d65321c603dd48a9bb1c2622f1e73) Importer(815301076,1909f56bfc062723c751e8b465ee728b)  -> (artifact id: '24f76a8e9dc8bfe6765b0b48bb4cf6cd') in 0.024274 seconds 
========================================================================
Received Import Request.
  Time since last request: 0.000035 seconds.
  path: Assets/Materials/PlanksMaterial.mat
  artifactKey: Guid(c9fdccd01cd0c3d40af6eb4f901b3b24) Importer(815301076,1909f56bfc062723c751e8b465ee728b)
Start importing Assets/Materials/PlanksMaterial.mat using Guid(c9fdccd01cd0c3d40af6eb4f901b3b24) Importer(815301076,1909f56bfc062723c751e8b465ee728b)  -> (artifact id: 'aee2380bcc1093af94e7a77b3cc24c56') in 0.024652 seconds 
========================================================================
Received Import Request.
  Time since last request: 0.000028 seconds.
  path: Assets/Materials/ZombearMaterial.mat
  artifactKey: Guid(0e554613ca2e81743a244dd20c8d44a0) Importer(815301076,1909f56bfc062723c751e8b465ee728b)
Start importing Assets/Materials/ZombearMaterial.mat using Guid(0e554613ca2e81743a244dd20c8d44a0) Importer(815301076,1909f56bfc062723c751e8b465ee728b)  -> (artifact id: 'fccec7ca6eee23b17501989bf00ac50d') in 0.035111 seconds 
========================================================================
Received Import Request.
  Time since last request: 0.000022 seconds.
  path: Assets/Materials/PlayerMaterial.mat
  artifactKey: Guid(3ea44298aa419344dbdcf87dd1a50533) Importer(815301076,1909f56bfc062723c751e8b465ee728b)
Start importing Assets/Materials/PlayerMaterial.mat using Guid(3ea44298aa419344dbdcf87dd1a50533) Importer(815301076,1909f56bfc062723c751e8b465ee728b)  -> (artifact id: 'b9561c2bbae7536685c2c601c591087a') in 0.033992 seconds 
========================================================================
Received Import Request.
  Time since last request: 0.000037 seconds.
  path: Assets/Materials/ClockMaterial.mat
  artifactKey: Guid(90b239ceb2940124bb7636ec3c63615d) Importer(815301076,1909f56bfc062723c751e8b465ee728b)
Start importing Assets/Materials/ClockMaterial.mat using Guid(90b239ceb2940124bb7636ec3c63615d) Importer(815301076,1909f56bfc062723c751e8b465ee728b)  -> (artifact id: '0432498cc6f6648eddaf5e0d71573d73') in 0.027089 seconds 
========================================================================
Received Import Request.
  Time since last request: 0.000017 seconds.
  path: Assets/Materials/WallMaterial.mat
  artifactKey: Guid(e196a25074146564d886222649fb88d6) Importer(815301076,1909f56bfc062723c751e8b465ee728b)
Start importing Assets/Materials/WallMaterial.mat using Guid(e196a25074146564d886222649fb88d6) Importer(815301076,1909f56bfc062723c751e8b465ee728b)  -> (artifact id: '4fb87dc2677259abaa093f946af45e38') in 0.019777 seconds 
========================================================================
Received Import Request.
  Time since last request: 37.349065 seconds.
  path: Assets/GiParamaters/Emissive.giparams
  artifactKey: Guid(e486dd5cc37dd384585062f8da513c86) Importer(815301076,1909f56bfc062723c751e8b465ee728b)
Start importing Assets/GiParamaters/Emissive.giparams using Guid(e486dd5cc37dd384585062f8da513c86) Importer(815301076,1909f56bfc062723c751e8b465ee728b)  -> (artifact id: '596ccb0859ca74f8848ae00b558ded7e') in 0.012864 seconds 
========================================================================
Received Import Request.
  Time since last request: 0.000017 seconds.
  path: Assets/GiParamaters/Floor.giparams
  artifactKey: Guid(7c968b97f7b013f44b12f7a0005a9006) Importer(815301076,1909f56bfc062723c751e8b465ee728b)
Start importing Assets/GiParamaters/Floor.giparams using Guid(7c968b97f7b013f44b12f7a0005a9006) Importer(815301076,1909f56bfc062723c751e8b465ee728b)  -> (artifact id: 'af0b6aaf6cb6a51756218f9616c06c41') in 0.008202 seconds 
========================================================================
Received Import Request.
  Time since last request: 5.609709 seconds.
  path: Assets/Prefabs/Control.prefab
  artifactKey: Guid(2a259b18ae9cee642a7a3fe020e213dd) Importer(815301076,1909f56bfc062723c751e8b465ee728b)
Start importing Assets/Prefabs/Control.prefab using Guid(2a259b18ae9cee642a7a3fe020e213dd) Importer(815301076,1909f56bfc062723c751e8b465ee728b)  -> (artifact id: '1a2cd4d6c0eff5a5b27ff86f1b1f98d3') in 0.135080 seconds 
========================================================================
Received Import Request.
  Time since last request: 0.000020 seconds.
  path: Assets/Prefabs/missile.prefab
  artifactKey: Guid(0afb915ab31fa2e4bbdcb2139aef22f5) Importer(815301076,1909f56bfc062723c751e8b465ee728b)
Start importing Assets/Prefabs/missile.prefab using Guid(0afb915ab31fa2e4bbdcb2139aef22f5) Importer(815301076,1909f56bfc062723c751e8b465ee728b)  -> (artifact id: '64fb77ff3827ea0f87e8d9006b619db3') in 0.281504 seconds 
========================================================================
Received Import Request.
  Time since last request: 0.000068 seconds.
  path: Assets/Prefabs/MenuCanvas.prefab
  artifactKey: Guid(ca741adb400490f4bb2388eeebbdefa1) Importer(815301076,1909f56bfc062723c751e8b465ee728b)
Start importing Assets/Prefabs/MenuCanvas.prefab using Guid(ca741adb400490f4bb2388eeebbdefa1) Importer(815301076,1909f56bfc062723c751e8b465ee728b)  -> (artifact id: '8d532fbca50f7827912e3a81736764fc') in 0.043505 seconds 
========================================================================
Received Import Request.
  Time since last request: 0.000022 seconds.
  path: Assets/Prefabs/Other Player.prefab
  artifactKey: Guid(d0aee5f90de7d9a4a93fed1ea8410305) Importer(815301076,1909f56bfc062723c751e8b465ee728b)
Start importing Assets/Prefabs/Other Player.prefab using Guid(d0aee5f90de7d9a4a93fed1ea8410305) Importer(815301076,1909f56bfc062723c751e8b465ee728b)  -> (artifact id: 'eb1b96fe1fe78badb72df0e5f08a6d77') in 0.078230 seconds 
========================================================================
Received Import Request.
  Time since last request: 0.000019 seconds.
  path: Assets/Prefabs/IceTrap.prefab
  artifactKey: Guid(49998ddcb8a095f4d87e0a0b891e908a) Importer(815301076,1909f56bfc062723c751e8b465ee728b)
Start importing Assets/Prefabs/IceTrap.prefab using Guid(49998ddcb8a095f4d87e0a0b891e908a) Importer(815301076,1909f56bfc062723c751e8b465ee728b)  -> (artifact id: 'a60aff7509efeadb314f499f4c53d8ee') in 0.068790 seconds 
========================================================================
Received Import Request.
  Time since last request: 0.000145 seconds.
  path: Assets/Prefabs/Explosion_Air.prefab
  artifactKey: Guid(a2c72b88e3197ca4c89b36790a2dbbf5) Importer(815301076,1909f56bfc062723c751e8b465ee728b)
Start importing Assets/Prefabs/Explosion_Air.prefab using Guid(a2c72b88e3197ca4c89b36790a2dbbf5) Importer(815301076,1909f56bfc062723c751e8b465ee728b)  -> (artifact id: '57cab169d6f6ea8a094f4f17cab88402') in 0.074401 seconds 
========================================================================
Received Prepare
Trying to reload asset but can't find object on disk
Trying to reload asset but can't find object on disk
Trying to reload asset but can't find object on disk
Trying to reload asset but can't find object on disk
Registering precompiled user dll's ...
Registered in 0.009485 seconds.
Begin MonoManager ReloadAssembly
Symbol file LoadedFromMemory doesn't match image C:\Users\WeiKe\Desktop\DreamOfSpeed\code\TPS SLG Game\Library\PackageCache\com.unity.visualscripting@1.7.5\Editor\VisualScripting.Core\Dependencies\YamlDotNet\Unity.VisualScripting.YamlDotNet.dll
Symbol file LoadedFromMemory doesn't match image C:\Users\WeiKe\Desktop\DreamOfSpeed\code\TPS SLG Game\Library\PackageCache\com.unity.visualscripting@1.7.5\Editor\VisualScripting.Core\Dependencies\DotNetZip\Unity.VisualScripting.IonicZip.dll
Native extension for WindowsStandalone target not found
Refreshing native plugins compatible for Editor in 0.61 ms, found 3 plugins.
Preloading 0 native plugins for Editor in 0.00 ms.
Mono: successfully reloaded assembly
- Completed reload, in  1.280 seconds
Domain Reload Profiling:
	ReloadAssembly (1282ms)
		BeginReloadAssembly (251ms)
			ExecutionOrderSort (0ms)
			DisableScriptedObjects (11ms)
			BackupInstance (0ms)
			ReleaseScriptingObjects (1ms)
			CreateAndSetChildDomain (89ms)
		EndReloadAssembly (916ms)
			LoadAssemblies (120ms)
			RebuildTransferFunctionScriptingTraits (0ms)
			SetupTypeCache (311ms)
			ReleaseScriptCaches (2ms)
			RebuildScriptCaches (56ms)
			SetupLoadedEditorAssemblies (417ms)
				LogAssemblyErrors (0ms)
				InitializePlatformSupportModulesInManaged (15ms)
				SetLoadedEditorAssemblies (1ms)
				RefreshPlugins (1ms)
				BeforeProcessingInitializeOnLoad (107ms)
				ProcessInitializeOnLoadAttributes (246ms)
				ProcessInitializeOnLoadMethodAttributes (39ms)
				AfterProcessingInitializeOnLoad (9ms)
				EditorAssembliesLoaded (0ms)
			ExecutionOrderSort2 (0ms)
			AwakeInstancesAfterBackupRestoration (7ms)
Platform modules already initialized, skipping
Refreshing native plugins compatible for Editor in 1.27 ms, found 3 plugins.
Preloading 0 native plugins for Editor in 0.00 ms.
Unloading 3137 Unused Serialized files (Serialized files now loaded: 0)
Unloading 21 unused Assets / (24.8 KB). Loaded Objects now: 4257.
Memory consumption went from 118.4 MB to 118.4 MB.
Total: 6.466500 ms (FindLiveObjects: 0.491800 ms CreateObjectMapping: 0.418600 ms MarkObjects: 5.483200 ms  DeleteObjects: 0.071100 ms)

AssetImportParameters requested are different than current active one (requested -> active):
  custom:video-decoder-ogg-theora: a1e56fd34408186e4bbccfd4996cb3dc -> 
  custom:container-muxer-webm: aa71ff27fc2769a1b78a27578f13a17b -> 
  custom:container-demuxer-webm: 4f35f7cbe854078d1ac9338744f61a02 -> 
  custom:video-encoder-webm-vp8: eb34c28f22e8b96e1ab97ce403110664 -> 
  custom:audio-encoder-webm-vorbis: bf7c407c2cedff20999df2af8eb42d56 -> 
  custom:framework-win-MediaFoundation: 216162199b28c13a410421893ffa2e32 -> 
  custom:container-demuxer-ogg: 62fdf1f143b41e24485cea50d1cbac27 -> 
  custom:video-decoder-webm-vp8: 9c59270c3fd7afecdb556c50c9e8de78 -> 
  custom:audio-decoder-ogg-vorbis: bf7c407c2cedff20999df2af8eb42d56 -> 
